2020-03-29 13:31:12.668 [restartedMain] INFO  com.wxinnb.maomao.MaomaoApplication - Starting MaomaoApplication on DESKTOP-18EH1AM with PID 17580 (D:\IdeaProjects\maomao\target\classes started by wx in D:\IdeaProjects\maomao)
2020-03-29 13:31:12.690 [restartedMain] INFO  com.wxinnb.maomao.MaomaoApplication - The following profiles are active: dev
2020-03-29 13:31:18.360 [MLog-Init-Reporter] INFO  com.mchange.v2.log.MLog - MLog clients using slf4j logging.
2020-03-29 13:31:18.428 [restartedMain] INFO  com.mchange.v2.c3p0.C3P0Registry - Initializing c3p0-0.9.5.2 [built 08-December-2015 22:06:04 -0800; debug? true; trace: 10]
2020-03-29 13:31:19.011 [restartedMain] INFO  com.mchange.v2.c3p0.impl.AbstractPoolBackedDataSource - Initializing c3p0 pool... com.mchange.v2.c3p0.ComboPooledDataSource [ acquireIncrement -> 3, acquireRetryAttempts -> 30, acquireRetryDelay -> 1000, autoCommitOnClose -> false, automaticTestTable -> null, breakAfterAcquireFailure -> false, checkoutTimeout -> 0, connectionCustomizerClassName -> null, connectionTesterClassName -> com.mchange.v2.c3p0.impl.DefaultConnectionTester, contextClassLoaderSource -> caller, dataSourceName -> 1hge51da9a7baq21giyj0z|7029883e, debugUnreturnedConnectionStackTraces -> false, description -> null, driverClass -> null, extensions -> {}, factoryClassLocation -> null, forceIgnoreUnresolvedTransactions -> false, forceSynchronousCheckins -> false, forceUseNamedDriverClass -> false, identityToken -> 1hge51da9a7baq21giyj0z|7029883e, idleConnectionTestPeriod -> 0, initialPoolSize -> 3, jdbcUrl -> jdbc:mysql://47.97.210.197/maomao?useUnicode=true&characterEncoding=UTF8&useSSL=true&serverTimezone=GMT%2B8, maxAdministrativeTaskTime -> 0, maxConnectionAge -> 0, maxIdleTime -> 0, maxIdleTimeExcessConnections -> 0, maxPoolSize -> 15, maxStatements -> 0, maxStatementsPerConnection -> 0, minPoolSize -> 3, numHelperThreads -> 3, preferredTestQuery -> null, privilegeSpawnedThreads -> false, properties -> {user=******, password=******}, propertyCycle -> 0, statementCacheNumDeferredCloseThreads -> 0, testConnectionOnCheckin -> false, testConnectionOnCheckout -> false, unreturnedConnectionTimeout -> 0, userOverrides -> {}, usesTraditionalReflectiveProxies -> false ]
2020-03-29 13:31:28.362 [restartedMain] DEBUG org.hibernate.SQL - select resource0_.id as id1_6_, resource0_.create_time as create_t2_6_, resource0_.description as descript3_6_, resource0_.icon as icon4_6_, resource0_.is_hide as is_hide5_6_, resource0_.level as level6_6_, resource0_.name as name7_6_, resource0_.parent_id as parent_13_6_, resource0_.sort as sort8_6_, resource0_.source_key as source_k9_6_, resource0_.source_url as source_10_6_, resource0_.type as type11_6_, resource0_.update_time as update_12_6_ from tb_resource resource0_
2020-03-29 13:31:29.898 [restartedMain] INFO  org.apache.coyote.http11.Http11NioProtocol - Initializing ProtocolHandler ["http-nio-8080"]
2020-03-29 13:31:29.924 [restartedMain] INFO  org.apache.catalina.core.StandardService - Starting service [Tomcat]
2020-03-29 13:31:29.925 [restartedMain] INFO  org.apache.catalina.core.StandardEngine - Starting Servlet engine: [Apache Tomcat/9.0.26]
2020-03-29 13:31:30.273 [restartedMain] INFO  org.apache.catalina.core.ContainerBase.[Tomcat].[localhost].[/] - Initializing Spring embedded WebApplicationContext
2020-03-29 13:31:33.552 [restartedMain] INFO  org.apache.coyote.http11.Http11NioProtocol - Starting ProtocolHandler ["http-nio-8080"]
2020-03-29 13:31:33.592 [restartedMain] INFO  com.wxinnb.maomao.MaomaoApplication - Started MaomaoApplication in 22.825 seconds (JVM running for 36.16)
2020-03-29 13:32:35.783 [http-nio-8080-exec-1] INFO  org.apache.catalina.core.ContainerBase.[Tomcat].[localhost].[/] - Initializing Spring DispatcherServlet 'dispatcherServlet'
2020-03-29 13:32:36.046 [http-nio-8080-exec-1] DEBUG org.hibernate.SQL - select group0_.id as id1_5_, group0_.aim as aim2_5_, group0_.count as count3_5_, group0_.name as name4_5_, group0_.pic as pic5_5_, group0_.price as price6_5_, group0_.product_id as product_7_5_, group0_.product_name as product_8_5_, group0_.state as state9_5_, group0_.unit as unit10_5_ from tb_group group0_
2020-03-29 13:32:39.672 [http-nio-8080-exec-2] DEBUG org.hibernate.SQL - select group0_.id as id1_5_0_, group0_.aim as aim2_5_0_, group0_.count as count3_5_0_, group0_.name as name4_5_0_, group0_.pic as pic5_5_0_, group0_.price as price6_5_0_, group0_.product_id as product_7_5_0_, group0_.product_name as product_8_5_0_, group0_.state as state9_5_0_, group0_.unit as unit10_5_0_ from tb_group group0_ where group0_.id=?
2020-03-29 13:32:39.967 [http-nio-8080-exec-2] DEBUG org.hibernate.SQL - select product0_.product_id as product_1_1_0_, product0_.min_price as min_pric2_1_0_, product0_.name as name3_1_0_, product0_.number_good_reputation as number_g4_1_0_, product0_.number_orders as number_o5_1_0_, product0_.original_price as original6_1_0_, product0_.pic as pic7_1_0_, product0_.state as state8_1_0_ from t_product product0_ where product0_.product_id=?
2020-03-29 13:32:40.160 [http-nio-8080-exec-2] DEBUG org.hibernate.SQL - select details0_.roll_pic_id as roll_pic1_0_, details0_.pic as pic2_0_, details0_.product_id as product_3_0_ from t_details details0_ where details0_.product_id=?
2020-03-29 13:32:40.305 [http-nio-8080-exec-2] DEBUG org.hibernate.SQL - select rollpic0_.roll_pic_id as roll_pic1_2_, rollpic0_.pic as pic2_2_, rollpic0_.product_id as product_3_2_ from t_roll_pic rollpic0_ where rollpic0_.product_id=?
2020-03-29 13:32:52.574 [http-nio-8080-exec-4] DEBUG org.hibernate.SQL - select address0_.id as id1_3_, address0_.address as address2_3_, address0_.gender as gender3_3_, address0_.name as name4_3_, address0_.open_id as open_id5_3_, address0_.phone as phone6_3_ from tb_address address0_ where address0_.open_id=?
2020-03-29 13:32:52.618 [http-nio-8080-exec-3] DEBUG org.hibernate.SQL - select group0_.id as id1_5_0_, group0_.aim as aim2_5_0_, group0_.count as count3_5_0_, group0_.name as name4_5_0_, group0_.pic as pic5_5_0_, group0_.price as price6_5_0_, group0_.product_id as product_7_5_0_, group0_.product_name as product_8_5_0_, group0_.state as state9_5_0_, group0_.unit as unit10_5_0_ from tb_group group0_ where group0_.id=?
2020-03-29 13:32:52.826 [http-nio-8080-exec-3] DEBUG org.hibernate.SQL - select next_val as id_val from hibernate_sequence for update
2020-03-29 13:32:52.856 [http-nio-8080-exec-3] DEBUG org.hibernate.SQL - update hibernate_sequence set next_val= ? where next_val=?
2020-03-29 13:32:53.323 [http-nio-8080-exec-3] DEBUG org.hibernate.SQL - insert into tb_form (count, group_id, group_price, product_name, remark, strus, total_price, user_id, id) values (?, ?, ?, ?, ?, ?, ?, ?, ?)
2020-03-29 13:32:53.627 [http-nio-8080-exec-3] DEBUG org.hibernate.SQL - update tb_group set aim=?, count=?, name=?, pic=?, price=?, product_id=?, product_name=?, state=?, unit=? where id=?
2020-03-29 13:32:58.696 [http-nio-8080-exec-5] DEBUG org.hibernate.SQL - select address0_.id as id1_3_, address0_.address as address2_3_, address0_.gender as gender3_3_, address0_.name as name4_3_, address0_.open_id as open_id5_3_, address0_.phone as phone6_3_ from tb_address address0_ where address0_.open_id=?
2020-03-29 13:33:50.782 [http-nio-8080-exec-6] DEBUG org.hibernate.SQL - select next_val as id_val from hibernate_sequence for update
2020-03-29 13:33:50.811 [http-nio-8080-exec-6] DEBUG org.hibernate.SQL - update hibernate_sequence set next_val= ? where next_val=?
2020-03-29 13:33:50.900 [http-nio-8080-exec-6] DEBUG org.hibernate.SQL - insert into tb_address (address, gender, name, open_id, phone, id) values (?, ?, ?, ?, ?, ?)
2020-03-29 13:33:52.098 [http-nio-8080-exec-7] DEBUG org.hibernate.SQL - select address0_.id as id1_3_, address0_.address as address2_3_, address0_.gender as gender3_3_, address0_.name as name4_3_, address0_.open_id as open_id5_3_, address0_.phone as phone6_3_ from tb_address address0_ where address0_.open_id=?
2020-03-29 13:35:23.929 [http-nio-8080-exec-10] DEBUG org.hibernate.SQL - select group0_.id as id1_5_, group0_.aim as aim2_5_, group0_.count as count3_5_, group0_.name as name4_5_, group0_.pic as pic5_5_, group0_.price as price6_5_, group0_.product_id as product_7_5_, group0_.product_name as product_8_5_, group0_.state as state9_5_, group0_.unit as unit10_5_ from tb_group group0_
2020-03-29 13:35:52.467 [http-nio-8080-exec-1] DEBUG org.hibernate.SQL - select address0_.id as id1_3_, address0_.address as address2_3_, address0_.gender as gender3_3_, address0_.name as name4_3_, address0_.open_id as open_id5_3_, address0_.phone as phone6_3_ from tb_address address0_ where address0_.open_id=?
2020-03-29 13:36:16.539 [http-nio-8080-exec-2] DEBUG org.hibernate.SQL - select address0_.id as id1_3_, address0_.address as address2_3_, address0_.gender as gender3_3_, address0_.name as name4_3_, address0_.open_id as open_id5_3_, address0_.phone as phone6_3_ from tb_address address0_ where address0_.open_id=?
2020-03-29 13:36:39.950 [http-nio-8080-exec-4] DEBUG org.hibernate.SQL - select address0_.id as id1_3_, address0_.address as address2_3_, address0_.gender as gender3_3_, address0_.name as name4_3_, address0_.open_id as open_id5_3_, address0_.phone as phone6_3_ from tb_address address0_ where address0_.open_id=?
