2019-11-22 08:43:16.497 [restartedMain] INFO  com.wxinnb.maomao.MaomaoApplication - Starting MaomaoApplication on DESKTOP-18EH1AM with PID 32576 (D:\IdeaProjects\maomao\target\classes started by wx in D:\IdeaProjects\maomao)
2019-11-22 08:43:16.520 [restartedMain] DEBUG com.wxinnb.maomao.MaomaoApplication - Running with Spring Boot v2.1.9.RELEASE, Spring v5.1.10.RELEASE
2019-11-22 08:43:16.521 [restartedMain] INFO  com.wxinnb.maomao.MaomaoApplication - The following profiles are active: dev
2019-11-22 08:43:23.517 [MLog-Init-Reporter] INFO  com.mchange.v2.log.MLog - MLog clients using slf4j logging.
2019-11-22 08:43:23.532 [MLog-Init-Reporter] DEBUG com.mchange.v2.log.MLog - Reading VM config for path list /com/mchange/v2/log/default-mchange-log.properties, /mchange-commons.properties, /c3p0.properties, hocon:/reference,/application,/c3p0,/, /mchange-log.properties, /
2019-11-22 08:43:23.532 [MLog-Init-Reporter] DEBUG com.mchange.v2.log.MLog - The configuration file for resource identifier '/mchange-commons.properties' could not be found. Skipping.
2019-11-22 08:43:23.533 [MLog-Init-Reporter] DEBUG com.mchange.v2.log.MLog - The configuration file for resource identifier '/c3p0.properties' could not be found. Skipping.
2019-11-22 08:43:23.533 [MLog-Init-Reporter] DEBUG com.mchange.v2.log.MLog - The configuration file for resource identifier 'hocon:/reference,/application,/c3p0,/' could not be found. Skipping.
2019-11-22 08:43:23.533 [MLog-Init-Reporter] DEBUG com.mchange.v2.log.MLog - The configuration file for resource identifier '/mchange-log.properties' could not be found. Skipping.
2019-11-22 08:43:23.535 [restartedMain] DEBUG com.mchange.v2.cfg.MConfig - The configuration file for resource identifier '/mchange-commons.properties' could not be found. Skipping.
2019-11-22 08:43:23.536 [restartedMain] DEBUG com.mchange.v2.cfg.MConfig - The configuration file for resource identifier '/mchange-log.properties' could not be found. Skipping.
2019-11-22 08:43:23.536 [restartedMain] DEBUG com.mchange.v2.cfg.MConfig - The configuration file for resource identifier 'hocon:/reference,/application,/c3p0,/' could not be found. Skipping.
2019-11-22 08:43:23.536 [restartedMain] DEBUG com.mchange.v2.cfg.MConfig - The configuration file for resource identifier '/c3p0.properties' could not be found. Skipping.
2019-11-22 08:43:23.593 [restartedMain] INFO  com.mchange.v2.c3p0.C3P0Registry - Initializing c3p0-0.9.5.2 [built 08-December-2015 22:06:04 -0800; debug? true; trace: 10]
2019-11-22 08:43:23.619 [restartedMain] DEBUG com.mchange.v2.c3p0.management.DynamicPooledDataSourceManagerMBean - MBean: com.mchange.v2.c3p0:type=PooledDataSource,identityToken=1hge51da614405yxprkicv|2b1efb03,name=1hge51da614405yxprkicv|2b1efb03 registered.
2019-11-22 08:43:23.657 [restartedMain] DEBUG com.mchange.v2.c3p0.management.DynamicPooledDataSourceManagerMBean - MBean: com.mchange.v2.c3p0:type=PooledDataSource,identityToken=1hge51da614405yxprkicv|2b1efb03,name=1hge51da614405yxprkicv|2b1efb03 unregistered, in order to be reregistered after update.
2019-11-22 08:43:23.657 [restartedMain] DEBUG com.mchange.v2.c3p0.management.DynamicPooledDataSourceManagerMBean - MBean: com.mchange.v2.c3p0:type=PooledDataSource,identityToken=1hge51da614405yxprkicv|2b1efb03,name=1hge51da614405yxprkicv|2b1efb03 registered.
2019-11-22 08:43:24.146 [restartedMain] INFO  com.mchange.v2.c3p0.impl.AbstractPoolBackedDataSource - Initializing c3p0 pool... com.mchange.v2.c3p0.ComboPooledDataSource [ acquireIncrement -> 3, acquireRetryAttempts -> 30, acquireRetryDelay -> 1000, autoCommitOnClose -> false, automaticTestTable -> null, breakAfterAcquireFailure -> false, checkoutTimeout -> 0, connectionCustomizerClassName -> null, connectionTesterClassName -> com.mchange.v2.c3p0.impl.DefaultConnectionTester, contextClassLoaderSource -> caller, dataSourceName -> 1hge51da614405yxprkicv|2b1efb03, debugUnreturnedConnectionStackTraces -> false, description -> null, driverClass -> null, extensions -> {}, factoryClassLocation -> null, forceIgnoreUnresolvedTransactions -> false, forceSynchronousCheckins -> false, forceUseNamedDriverClass -> false, identityToken -> 1hge51da614405yxprkicv|2b1efb03, idleConnectionTestPeriod -> 0, initialPoolSize -> 3, jdbcUrl -> jdbc:mysql://localhost/maomao?useUnicode=true&characterEncoding=UTF8&useSSL=true&serverTimezone=GMT%2B8, maxAdministrativeTaskTime -> 0, maxConnectionAge -> 0, maxIdleTime -> 0, maxIdleTimeExcessConnections -> 0, maxPoolSize -> 15, maxStatements -> 0, maxStatementsPerConnection -> 0, minPoolSize -> 3, numHelperThreads -> 3, preferredTestQuery -> null, privilegeSpawnedThreads -> false, properties -> {user=******, password=******}, propertyCycle -> 0, statementCacheNumDeferredCloseThreads -> 0, testConnectionOnCheckin -> false, testConnectionOnCheckout -> false, unreturnedConnectionTimeout -> 0, userOverrides -> {}, usesTraditionalReflectiveProxies -> false ]
2019-11-22 08:43:24.169 [restartedMain] DEBUG com.mchange.v2.cfg.MConfig - The configuration file for resource identifier '/mchange-commons.properties' could not be found. Skipping.
2019-11-22 08:43:24.170 [restartedMain] DEBUG com.mchange.v2.cfg.MConfig - The configuration file for resource identifier '/mchange-log.properties' could not be found. Skipping.
2019-11-22 08:43:24.170 [restartedMain] DEBUG com.mchange.v2.cfg.MConfig - The configuration file for resource identifier '/c3p0.properties' could not be found. Skipping.
2019-11-22 08:43:24.170 [restartedMain] DEBUG com.mchange.v2.cfg.MConfig - The configuration file for resource identifier 'hocon:/reference,/application,/c3p0,/' could not be found. Skipping.
2019-11-22 08:43:24.171 [restartedMain] DEBUG com.mchange.v2.resourcepool.BasicResourcePool - com.mchange.v2.resourcepool.BasicResourcePool@44565b63 config: [start -> 3; min -> 3; max -> 15; inc -> 3; num_acq_attempts -> 30; acq_attempt_delay -> 1000; check_idle_resources_delay -> 0; max_resource_age -> 0; max_idle_time -> 0; excess_max_idle_time -> 0; destroy_unreturned_resc_time -> 0; expiration_enforcement_delay -> 0; break_on_acquisition_failure -> false; debug_store_checkout_exceptions -> false; force_synchronous_checkins -> false]
2019-11-22 08:43:24.172 [restartedMain] DEBUG com.mchange.v2.c3p0.impl.C3P0PooledConnectionPoolManager - Created new pool for auth, username (masked): 'ro******'.
2019-11-22 08:43:24.172 [restartedMain] DEBUG com.mchange.v2.resourcepool.BasicResourcePool - acquire test -- pool size: 0; target_pool_size: 3; desired target? 1
2019-11-22 08:43:24.172 [restartedMain] DEBUG com.mchange.v2.resourcepool.BasicResourcePool - awaitAvailable(): [unknown]
2019-11-22 08:43:33.068 [restartedMain] DEBUG org.hibernate.SQL - select resource0_.id as id1_3_, resource0_.create_time as create_t2_3_, resource0_.description as descript3_3_, resource0_.icon as icon4_3_, resource0_.is_hide as is_hide5_3_, resource0_.level as level6_3_, resource0_.name as name7_3_, resource0_.parent_id as parent_13_3_, resource0_.sort as sort8_3_, resource0_.source_key as source_k9_3_, resource0_.source_url as source_10_3_, resource0_.type as type11_3_, resource0_.update_time as update_12_3_ from tb_resource resource0_
2019-11-22 08:43:35.206 [restartedMain] INFO  org.apache.coyote.http11.Http11NioProtocol - Initializing ProtocolHandler ["http-nio-80"]
2019-11-22 08:43:35.247 [restartedMain] INFO  org.apache.catalina.core.StandardService - Starting service [Tomcat]
2019-11-22 08:43:35.249 [restartedMain] INFO  org.apache.catalina.core.StandardEngine - Starting Servlet engine: [Apache Tomcat/9.0.26]
2019-11-22 08:43:35.860 [restartedMain] INFO  org.apache.catalina.core.ContainerBase.[Tomcat].[localhost].[/] - Initializing Spring embedded WebApplicationContext
2019-11-22 08:44:10.922 [restartedMain] INFO  com.wxinnb.maomao.MaomaoApplication - Starting MaomaoApplication on DESKTOP-18EH1AM with PID 2420 (D:\IdeaProjects\maomao\target\classes started by wx in D:\IdeaProjects\maomao)
2019-11-22 08:44:10.926 [restartedMain] DEBUG com.wxinnb.maomao.MaomaoApplication - Running with Spring Boot v2.1.9.RELEASE, Spring v5.1.10.RELEASE
2019-11-22 08:44:10.926 [restartedMain] INFO  com.wxinnb.maomao.MaomaoApplication - The following profiles are active: dev
2019-11-22 08:44:13.559 [MLog-Init-Reporter] INFO  com.mchange.v2.log.MLog - MLog clients using slf4j logging.
2019-11-22 08:44:13.566 [MLog-Init-Reporter] DEBUG com.mchange.v2.log.MLog - Reading VM config for path list /com/mchange/v2/log/default-mchange-log.properties, /mchange-commons.properties, /c3p0.properties, hocon:/reference,/application,/c3p0,/, /mchange-log.properties, /
2019-11-22 08:44:13.566 [MLog-Init-Reporter] DEBUG com.mchange.v2.log.MLog - The configuration file for resource identifier '/mchange-commons.properties' could not be found. Skipping.
2019-11-22 08:44:13.566 [MLog-Init-Reporter] DEBUG com.mchange.v2.log.MLog - The configuration file for resource identifier '/c3p0.properties' could not be found. Skipping.
2019-11-22 08:44:13.566 [MLog-Init-Reporter] DEBUG com.mchange.v2.log.MLog - The configuration file for resource identifier 'hocon:/reference,/application,/c3p0,/' could not be found. Skipping.
2019-11-22 08:44:13.566 [MLog-Init-Reporter] DEBUG com.mchange.v2.log.MLog - The configuration file for resource identifier '/mchange-log.properties' could not be found. Skipping.
2019-11-22 08:44:13.568 [restartedMain] DEBUG com.mchange.v2.cfg.MConfig - The configuration file for resource identifier '/mchange-commons.properties' could not be found. Skipping.
2019-11-22 08:44:13.569 [restartedMain] DEBUG com.mchange.v2.cfg.MConfig - The configuration file for resource identifier '/mchange-log.properties' could not be found. Skipping.
2019-11-22 08:44:13.569 [restartedMain] DEBUG com.mchange.v2.cfg.MConfig - The configuration file for resource identifier 'hocon:/reference,/application,/c3p0,/' could not be found. Skipping.
2019-11-22 08:44:13.569 [restartedMain] DEBUG com.mchange.v2.cfg.MConfig - The configuration file for resource identifier '/c3p0.properties' could not be found. Skipping.
2019-11-22 08:44:13.598 [restartedMain] INFO  com.mchange.v2.c3p0.C3P0Registry - Initializing c3p0-0.9.5.2 [built 08-December-2015 22:06:04 -0800; debug? true; trace: 10]
2019-11-22 08:44:13.629 [restartedMain] DEBUG com.mchange.v2.c3p0.management.DynamicPooledDataSourceManagerMBean - MBean: com.mchange.v2.c3p0:type=PooledDataSource,identityToken=1hge51da614418k51hne1yb|6864b4a3,name=1hge51da614418k51hne1yb|6864b4a3 registered.
2019-11-22 08:44:13.654 [restartedMain] DEBUG com.mchange.v2.c3p0.management.DynamicPooledDataSourceManagerMBean - MBean: com.mchange.v2.c3p0:type=PooledDataSource,identityToken=1hge51da614418k51hne1yb|6864b4a3,name=1hge51da614418k51hne1yb|6864b4a3 unregistered, in order to be reregistered after update.
2019-11-22 08:44:13.654 [restartedMain] DEBUG com.mchange.v2.c3p0.management.DynamicPooledDataSourceManagerMBean - MBean: com.mchange.v2.c3p0:type=PooledDataSource,identityToken=1hge51da614418k51hne1yb|6864b4a3,name=1hge51da614418k51hne1yb|6864b4a3 registered.
2019-11-22 08:44:13.909 [restartedMain] INFO  com.mchange.v2.c3p0.impl.AbstractPoolBackedDataSource - Initializing c3p0 pool... com.mchange.v2.c3p0.ComboPooledDataSource [ acquireIncrement -> 3, acquireRetryAttempts -> 30, acquireRetryDelay -> 1000, autoCommitOnClose -> false, automaticTestTable -> null, breakAfterAcquireFailure -> false, checkoutTimeout -> 0, connectionCustomizerClassName -> null, connectionTesterClassName -> com.mchange.v2.c3p0.impl.DefaultConnectionTester, contextClassLoaderSource -> caller, dataSourceName -> 1hge51da614418k51hne1yb|6864b4a3, debugUnreturnedConnectionStackTraces -> false, description -> null, driverClass -> null, extensions -> {}, factoryClassLocation -> null, forceIgnoreUnresolvedTransactions -> false, forceSynchronousCheckins -> false, forceUseNamedDriverClass -> false, identityToken -> 1hge51da614418k51hne1yb|6864b4a3, idleConnectionTestPeriod -> 0, initialPoolSize -> 3, jdbcUrl -> jdbc:mysql://localhost/maomao?useUnicode=true&characterEncoding=UTF8&useSSL=true&serverTimezone=GMT%2B8, maxAdministrativeTaskTime -> 0, maxConnectionAge -> 0, maxIdleTime -> 0, maxIdleTimeExcessConnections -> 0, maxPoolSize -> 15, maxStatements -> 0, maxStatementsPerConnection -> 0, minPoolSize -> 3, numHelperThreads -> 3, preferredTestQuery -> null, privilegeSpawnedThreads -> false, properties -> {user=******, password=******}, propertyCycle -> 0, statementCacheNumDeferredCloseThreads -> 0, testConnectionOnCheckin -> false, testConnectionOnCheckout -> false, unreturnedConnectionTimeout -> 0, userOverrides -> {}, usesTraditionalReflectiveProxies -> false ]
2019-11-22 08:44:13.917 [restartedMain] DEBUG com.mchange.v2.cfg.MConfig - The configuration file for resource identifier '/mchange-commons.properties' could not be found. Skipping.
2019-11-22 08:44:13.917 [restartedMain] DEBUG com.mchange.v2.cfg.MConfig - The configuration file for resource identifier '/mchange-log.properties' could not be found. Skipping.
2019-11-22 08:44:13.917 [restartedMain] DEBUG com.mchange.v2.cfg.MConfig - The configuration file for resource identifier '/c3p0.properties' could not be found. Skipping.
2019-11-22 08:44:13.918 [restartedMain] DEBUG com.mchange.v2.cfg.MConfig - The configuration file for resource identifier 'hocon:/reference,/application,/c3p0,/' could not be found. Skipping.
2019-11-22 08:44:13.922 [restartedMain] DEBUG com.mchange.v2.resourcepool.BasicResourcePool - com.mchange.v2.resourcepool.BasicResourcePool@202f7137 config: [start -> 3; min -> 3; max -> 15; inc -> 3; num_acq_attempts -> 30; acq_attempt_delay -> 1000; check_idle_resources_delay -> 0; max_resource_age -> 0; max_idle_time -> 0; excess_max_idle_time -> 0; destroy_unreturned_resc_time -> 0; expiration_enforcement_delay -> 0; break_on_acquisition_failure -> false; debug_store_checkout_exceptions -> false; force_synchronous_checkins -> false]
2019-11-22 08:44:13.923 [restartedMain] DEBUG com.mchange.v2.c3p0.impl.C3P0PooledConnectionPoolManager - Created new pool for auth, username (masked): 'ro******'.
2019-11-22 08:44:13.923 [restartedMain] DEBUG com.mchange.v2.resourcepool.BasicResourcePool - acquire test -- pool size: 0; target_pool_size: 3; desired target? 1
2019-11-22 08:44:13.923 [restartedMain] DEBUG com.mchange.v2.resourcepool.BasicResourcePool - awaitAvailable(): [unknown]
2019-11-22 08:44:17.075 [restartedMain] DEBUG org.hibernate.SQL - select resource0_.id as id1_3_, resource0_.create_time as create_t2_3_, resource0_.description as descript3_3_, resource0_.icon as icon4_3_, resource0_.is_hide as is_hide5_3_, resource0_.level as level6_3_, resource0_.name as name7_3_, resource0_.parent_id as parent_13_3_, resource0_.sort as sort8_3_, resource0_.source_key as source_k9_3_, resource0_.source_url as source_10_3_, resource0_.type as type11_3_, resource0_.update_time as update_12_3_ from tb_resource resource0_
2019-11-22 08:44:17.700 [restartedMain] INFO  org.apache.coyote.http11.Http11NioProtocol - Initializing ProtocolHandler ["http-nio-80"]
2019-11-22 08:44:17.710 [restartedMain] INFO  org.apache.catalina.core.StandardService - Starting service [Tomcat]
2019-11-22 08:44:17.710 [restartedMain] INFO  org.apache.catalina.core.StandardEngine - Starting Servlet engine: [Apache Tomcat/9.0.26]
2019-11-22 08:44:17.960 [restartedMain] INFO  org.apache.catalina.core.ContainerBase.[Tomcat].[localhost].[/] - Initializing Spring embedded WebApplicationContext
2019-11-22 08:44:29.798 [restartedMain] INFO  org.apache.coyote.http11.Http11NioProtocol - Starting ProtocolHandler ["http-nio-80"]
2019-11-22 08:44:29.851 [restartedMain] INFO  com.wxinnb.maomao.MaomaoApplication - Started MaomaoApplication in 20.057 seconds (JVM running for 23.416)
2019-11-22 08:45:26.735 [http-nio-80-exec-1] INFO  org.apache.catalina.core.ContainerBase.[Tomcat].[localhost].[/] - Initializing Spring DispatcherServlet 'dispatcherServlet'
2019-11-22 08:45:31.361 [http-nio-80-exec-9] DEBUG org.hibernate.SQL - select user0_.id as id1_6_, user0_.create_time as create_t2_6_, user0_.delete_status as delete_s3_6_, user0_.description as descript4_6_, user0_.locked as locked5_6_, user0_.nick_name as nick_nam6_6_, user0_.password as password7_6_, user0_.sex as sex8_6_, user0_.update_time as update_t9_6_, user0_.user_name as user_na10_6_ from tb_user user0_ where user0_.user_name=?
2019-11-22 08:45:36.435 [http-nio-80-exec-10] DEBUG org.hibernate.SQL - select product0_.product_id as product_1_1_, product0_.min_price as min_pric2_1_, product0_.name as name3_1_, product0_.number_good_reputation as number_g4_1_, product0_.number_orders as number_o5_1_, product0_.original_price as original6_1_, product0_.pic as pic7_1_, product0_.state as state8_1_ from t_product product0_ where product0_.name like ? escape ? limit ?
2019-11-22 08:46:01.504 [http-nio-80-exec-3] DEBUG org.hibernate.SQL - select product0_.product_id as product_1_1_0_, product0_.min_price as min_pric2_1_0_, product0_.name as name3_1_0_, product0_.number_good_reputation as number_g4_1_0_, product0_.number_orders as number_o5_1_0_, product0_.original_price as original6_1_0_, product0_.pic as pic7_1_0_, product0_.state as state8_1_0_ from t_product product0_ where product0_.product_id=?
2019-11-22 08:46:01.576 [http-nio-80-exec-3] DEBUG org.hibernate.SQL - update t_product set min_price=?, name=?, number_good_reputation=?, number_orders=?, original_price=?, pic=?, state=? where product_id=?
2019-11-22 08:54:02.498 [Thread-51] DEBUG com.mchange.v2.c3p0.management.ActiveManagementCoordinator - MBean: com.mchange.v2.c3p0:type=PooledDataSource,identityToken=1hge51da614418k51hne1yb|6864b4a3,name=1hge51da614418k51hne1yb|6864b4a3 unregistered.
2019-11-22 08:54:02.499 [Thread-51] DEBUG com.mchange.v2.c3p0.management.ActiveManagementCoordinator - C3P0Registry mbean unregistered.
2019-11-22 08:54:02.500 [Resource Destroyer in BasicResourcePool.close()] DEBUG com.mchange.v2.resourcepool.BasicResourcePool - Preparing to destroy resource: com.mchange.v2.c3p0.impl.NewPooledConnection@2c17fd20
2019-11-22 08:54:02.500 [Resource Destroyer in BasicResourcePool.close()] DEBUG com.mchange.v2.c3p0.impl.C3P0PooledConnectionPool - Preparing to destroy PooledConnection: com.mchange.v2.c3p0.impl.NewPooledConnection@2c17fd20
2019-11-22 08:54:02.502 [Resource Destroyer in BasicResourcePool.close()] DEBUG com.mchange.v2.c3p0.impl.C3P0PooledConnectionPool - Successfully destroyed PooledConnection: com.mchange.v2.c3p0.impl.NewPooledConnection@2c17fd20
2019-11-22 08:54:02.503 [Resource Destroyer in BasicResourcePool.close()] DEBUG com.mchange.v2.resourcepool.BasicResourcePool - Successfully destroyed resource: com.mchange.v2.c3p0.impl.NewPooledConnection@2c17fd20
2019-11-22 08:54:02.503 [Resource Destroyer in BasicResourcePool.close()] DEBUG com.mchange.v2.resourcepool.BasicResourcePool - Preparing to destroy resource: com.mchange.v2.c3p0.impl.NewPooledConnection@717aa9d5
2019-11-22 08:54:02.503 [Resource Destroyer in BasicResourcePool.close()] DEBUG com.mchange.v2.c3p0.impl.C3P0PooledConnectionPool - Preparing to destroy PooledConnection: com.mchange.v2.c3p0.impl.NewPooledConnection@717aa9d5
2019-11-22 08:54:02.505 [Resource Destroyer in BasicResourcePool.close()] DEBUG com.mchange.v2.c3p0.impl.C3P0PooledConnectionPool - Successfully destroyed PooledConnection: com.mchange.v2.c3p0.impl.NewPooledConnection@717aa9d5
2019-11-22 08:54:02.505 [Resource Destroyer in BasicResourcePool.close()] DEBUG com.mchange.v2.resourcepool.BasicResourcePool - Successfully destroyed resource: com.mchange.v2.c3p0.impl.NewPooledConnection@717aa9d5
2019-11-22 08:54:02.505 [Resource Destroyer in BasicResourcePool.close()] DEBUG com.mchange.v2.resourcepool.BasicResourcePool - Preparing to destroy resource: com.mchange.v2.c3p0.impl.NewPooledConnection@396c1453
2019-11-22 08:54:02.506 [Resource Destroyer in BasicResourcePool.close()] DEBUG com.mchange.v2.c3p0.impl.C3P0PooledConnectionPool - Preparing to destroy PooledConnection: com.mchange.v2.c3p0.impl.NewPooledConnection@396c1453
2019-11-22 08:54:02.515 [Resource Destroyer in BasicResourcePool.close()] DEBUG com.mchange.v2.c3p0.impl.C3P0PooledConnectionPool - Successfully destroyed PooledConnection: com.mchange.v2.c3p0.impl.NewPooledConnection@396c1453
2019-11-22 08:54:02.519 [Resource Destroyer in BasicResourcePool.close()] DEBUG com.mchange.v2.resourcepool.BasicResourcePool - Successfully destroyed resource: com.mchange.v2.c3p0.impl.NewPooledConnection@396c1453
2019-11-22 08:54:03.784 [restartedMain] INFO  com.wxinnb.maomao.MaomaoApplication - Starting MaomaoApplication on DESKTOP-18EH1AM with PID 2420 (D:\IdeaProjects\maomao\target\classes started by wx in D:\IdeaProjects\maomao)
2019-11-22 08:54:03.784 [restartedMain] DEBUG com.wxinnb.maomao.MaomaoApplication - Running with Spring Boot v2.1.9.RELEASE, Spring v5.1.10.RELEASE
2019-11-22 08:54:03.784 [restartedMain] INFO  com.wxinnb.maomao.MaomaoApplication - The following profiles are active: dev
2019-11-22 08:54:04.692 [restartedMain] DEBUG com.mchange.v2.c3p0.management.DynamicPooledDataSourceManagerMBean - MBean: com.mchange.v2.c3p0:type=PooledDataSource,identityToken=1hge51da614418k51hne1yb|7e47fab0,name=1hge51da614418k51hne1yb|7e47fab0 registered.
2019-11-22 08:54:04.706 [restartedMain] DEBUG com.mchange.v2.c3p0.management.DynamicPooledDataSourceManagerMBean - MBean: com.mchange.v2.c3p0:type=PooledDataSource,identityToken=1hge51da614418k51hne1yb|7e47fab0,name=1hge51da614418k51hne1yb|7e47fab0 unregistered, in order to be reregistered after update.
2019-11-22 08:54:04.706 [restartedMain] DEBUG com.mchange.v2.c3p0.management.DynamicPooledDataSourceManagerMBean - MBean: com.mchange.v2.c3p0:type=PooledDataSource,identityToken=1hge51da614418k51hne1yb|7e47fab0,name=1hge51da614418k51hne1yb|7e47fab0 registered.
2019-11-22 08:54:04.836 [restartedMain] INFO  com.mchange.v2.c3p0.impl.AbstractPoolBackedDataSource - Initializing c3p0 pool... com.mchange.v2.c3p0.ComboPooledDataSource [ acquireIncrement -> 3, acquireRetryAttempts -> 30, acquireRetryDelay -> 1000, autoCommitOnClose -> false, automaticTestTable -> null, breakAfterAcquireFailure -> false, checkoutTimeout -> 0, connectionCustomizerClassName -> null, connectionTesterClassName -> com.mchange.v2.c3p0.impl.DefaultConnectionTester, contextClassLoaderSource -> caller, dataSourceName -> 1hge51da614418k51hne1yb|7e47fab0, debugUnreturnedConnectionStackTraces -> false, description -> null, driverClass -> null, extensions -> {}, factoryClassLocation -> null, forceIgnoreUnresolvedTransactions -> false, forceSynchronousCheckins -> false, forceUseNamedDriverClass -> false, identityToken -> 1hge51da614418k51hne1yb|7e47fab0, idleConnectionTestPeriod -> 0, initialPoolSize -> 3, jdbcUrl -> jdbc:mysql://localhost/maomao?useUnicode=true&characterEncoding=UTF8&useSSL=true&serverTimezone=GMT%2B8, maxAdministrativeTaskTime -> 0, maxConnectionAge -> 0, maxIdleTime -> 0, maxIdleTimeExcessConnections -> 0, maxPoolSize -> 15, maxStatements -> 0, maxStatementsPerConnection -> 0, minPoolSize -> 3, numHelperThreads -> 3, preferredTestQuery -> null, privilegeSpawnedThreads -> false, properties -> {user=******, password=******}, propertyCycle -> 0, statementCacheNumDeferredCloseThreads -> 0, testConnectionOnCheckin -> false, testConnectionOnCheckout -> false, unreturnedConnectionTimeout -> 0, userOverrides -> {}, usesTraditionalReflectiveProxies -> false ]
2019-11-22 08:54:04.837 [restartedMain] DEBUG com.mchange.v2.resourcepool.BasicResourcePool - com.mchange.v2.resourcepool.BasicResourcePool@6407ad55 config: [start -> 3; min -> 3; max -> 15; inc -> 3; num_acq_attempts -> 30; acq_attempt_delay -> 1000; check_idle_resources_delay -> 0; max_resource_age -> 0; max_idle_time -> 0; excess_max_idle_time -> 0; destroy_unreturned_resc_time -> 0; expiration_enforcement_delay -> 0; break_on_acquisition_failure -> false; debug_store_checkout_exceptions -> false; force_synchronous_checkins -> false]
2019-11-22 08:54:04.837 [restartedMain] DEBUG com.mchange.v2.c3p0.impl.C3P0PooledConnectionPoolManager - Created new pool for auth, username (masked): 'ro******'.
2019-11-22 08:54:04.837 [restartedMain] DEBUG com.mchange.v2.resourcepool.BasicResourcePool - acquire test -- pool size: 0; target_pool_size: 3; desired target? 1
2019-11-22 08:54:04.837 [restartedMain] DEBUG com.mchange.v2.resourcepool.BasicResourcePool - awaitAvailable(): [unknown]
2019-11-22 08:54:04.848 [restartedMain] DEBUG com.mchange.v2.c3p0.impl.NewProxyConnection - com.mchange.v2.c3p0.impl.NewProxyConnection@294563d7 [wrapping: com.mysql.cj.jdbc.ConnectionImpl@494f3a30]: close() called more than once.
2019-11-22 08:54:05.755 [restartedMain] DEBUG org.hibernate.SQL - select resource0_.id as id1_3_, resource0_.create_time as create_t2_3_, resource0_.description as descript3_3_, resource0_.icon as icon4_3_, resource0_.is_hide as is_hide5_3_, resource0_.level as level6_3_, resource0_.name as name7_3_, resource0_.parent_id as parent_13_3_, resource0_.sort as sort8_3_, resource0_.source_key as source_k9_3_, resource0_.source_url as source_10_3_, resource0_.type as type11_3_, resource0_.update_time as update_12_3_ from tb_resource resource0_
2019-11-22 08:54:06.096 [restartedMain] INFO  org.apache.coyote.http11.Http11NioProtocol - Initializing ProtocolHandler ["http-nio-80"]
2019-11-22 08:54:06.097 [restartedMain] INFO  org.apache.catalina.core.StandardService - Starting service [Tomcat]
2019-11-22 08:54:06.097 [restartedMain] INFO  org.apache.catalina.core.StandardEngine - Starting Servlet engine: [Apache Tomcat/9.0.26]
2019-11-22 08:54:06.159 [restartedMain] INFO  org.apache.catalina.core.ContainerBase.[Tomcat].[localhost].[/] - Initializing Spring embedded WebApplicationContext
2019-11-22 08:54:07.594 [restartedMain] INFO  org.apache.coyote.http11.Http11NioProtocol - Starting ProtocolHandler ["http-nio-80"]
2019-11-22 08:54:07.612 [restartedMain] INFO  com.wxinnb.maomao.MaomaoApplication - Started MaomaoApplication in 3.901 seconds (JVM running for 601.177)
2019-11-22 09:02:31.609 [Resource Destroyer in BasicResourcePool.close()] DEBUG com.mchange.v2.resourcepool.BasicResourcePool - Preparing to destroy resource: com.mchange.v2.c3p0.impl.NewPooledConnection@45575757
2019-11-22 09:02:31.611 [Thread-60] DEBUG com.mchange.v2.c3p0.management.ActiveManagementCoordinator - MBean: com.mchange.v2.c3p0:type=PooledDataSource,identityToken=1hge51da614418k51hne1yb|7e47fab0,name=1hge51da614418k51hne1yb|7e47fab0 unregistered.
2019-11-22 09:02:31.612 [Resource Destroyer in BasicResourcePool.close()] DEBUG com.mchange.v2.c3p0.impl.C3P0PooledConnectionPool - Preparing to destroy PooledConnection: com.mchange.v2.c3p0.impl.NewPooledConnection@45575757
2019-11-22 09:02:31.612 [Thread-60] DEBUG com.mchange.v2.c3p0.management.ActiveManagementCoordinator - C3P0Registry mbean unregistered.
2019-11-22 09:02:31.614 [Resource Destroyer in BasicResourcePool.close()] DEBUG com.mchange.v2.c3p0.impl.C3P0PooledConnectionPool - Successfully destroyed PooledConnection: com.mchange.v2.c3p0.impl.NewPooledConnection@45575757
2019-11-22 09:02:31.614 [Resource Destroyer in BasicResourcePool.close()] DEBUG com.mchange.v2.resourcepool.BasicResourcePool - Successfully destroyed resource: com.mchange.v2.c3p0.impl.NewPooledConnection@45575757
2019-11-22 09:02:31.614 [Resource Destroyer in BasicResourcePool.close()] DEBUG com.mchange.v2.resourcepool.BasicResourcePool - Preparing to destroy resource: com.mchange.v2.c3p0.impl.NewPooledConnection@3c12c22b
2019-11-22 09:02:31.615 [Resource Destroyer in BasicResourcePool.close()] DEBUG com.mchange.v2.c3p0.impl.C3P0PooledConnectionPool - Preparing to destroy PooledConnection: com.mchange.v2.c3p0.impl.NewPooledConnection@3c12c22b
2019-11-22 09:02:31.619 [Resource Destroyer in BasicResourcePool.close()] DEBUG com.mchange.v2.c3p0.impl.C3P0PooledConnectionPool - Successfully destroyed PooledConnection: com.mchange.v2.c3p0.impl.NewPooledConnection@3c12c22b
2019-11-22 09:02:31.619 [Resource Destroyer in BasicResourcePool.close()] DEBUG com.mchange.v2.resourcepool.BasicResourcePool - Successfully destroyed resource: com.mchange.v2.c3p0.impl.NewPooledConnection@3c12c22b
2019-11-22 09:02:31.619 [Resource Destroyer in BasicResourcePool.close()] DEBUG com.mchange.v2.resourcepool.BasicResourcePool - Preparing to destroy resource: com.mchange.v2.c3p0.impl.NewPooledConnection@32718233
2019-11-22 09:02:31.619 [Resource Destroyer in BasicResourcePool.close()] DEBUG com.mchange.v2.c3p0.impl.C3P0PooledConnectionPool - Preparing to destroy PooledConnection: com.mchange.v2.c3p0.impl.NewPooledConnection@32718233
2019-11-22 09:02:31.623 [Resource Destroyer in BasicResourcePool.close()] DEBUG com.mchange.v2.c3p0.impl.C3P0PooledConnectionPool - Successfully destroyed PooledConnection: com.mchange.v2.c3p0.impl.NewPooledConnection@32718233
2019-11-22 09:02:31.623 [Resource Destroyer in BasicResourcePool.close()] DEBUG com.mchange.v2.resourcepool.BasicResourcePool - Successfully destroyed resource: com.mchange.v2.c3p0.impl.NewPooledConnection@32718233
2019-11-22 09:02:32.839 [restartedMain] INFO  com.wxinnb.maomao.MaomaoApplication - Starting MaomaoApplication on DESKTOP-18EH1AM with PID 2420 (D:\IdeaProjects\maomao\target\classes started by wx in D:\IdeaProjects\maomao)
2019-11-22 09:02:32.840 [restartedMain] DEBUG com.wxinnb.maomao.MaomaoApplication - Running with Spring Boot v2.1.9.RELEASE, Spring v5.1.10.RELEASE
2019-11-22 09:02:32.840 [restartedMain] INFO  com.wxinnb.maomao.MaomaoApplication - The following profiles are active: dev
2019-11-22 09:02:33.682 [restartedMain] DEBUG com.mchange.v2.c3p0.management.DynamicPooledDataSourceManagerMBean - MBean: com.mchange.v2.c3p0:type=PooledDataSource,identityToken=1hge51da614418k51hne1yb|ed5ed18,name=1hge51da614418k51hne1yb|ed5ed18 registered.
2019-11-22 09:02:33.694 [restartedMain] DEBUG com.mchange.v2.c3p0.management.DynamicPooledDataSourceManagerMBean - MBean: com.mchange.v2.c3p0:type=PooledDataSource,identityToken=1hge51da614418k51hne1yb|ed5ed18,name=1hge51da614418k51hne1yb|ed5ed18 unregistered, in order to be reregistered after update.
2019-11-22 09:02:33.695 [restartedMain] DEBUG com.mchange.v2.c3p0.management.DynamicPooledDataSourceManagerMBean - MBean: com.mchange.v2.c3p0:type=PooledDataSource,identityToken=1hge51da614418k51hne1yb|ed5ed18,name=1hge51da614418k51hne1yb|ed5ed18 registered.
2019-11-22 09:02:33.811 [restartedMain] INFO  com.mchange.v2.c3p0.impl.AbstractPoolBackedDataSource - Initializing c3p0 pool... com.mchange.v2.c3p0.ComboPooledDataSource [ acquireIncrement -> 3, acquireRetryAttempts -> 30, acquireRetryDelay -> 1000, autoCommitOnClose -> false, automaticTestTable -> null, breakAfterAcquireFailure -> false, checkoutTimeout -> 0, connectionCustomizerClassName -> null, connectionTesterClassName -> com.mchange.v2.c3p0.impl.DefaultConnectionTester, contextClassLoaderSource -> caller, dataSourceName -> 1hge51da614418k51hne1yb|ed5ed18, debugUnreturnedConnectionStackTraces -> false, description -> null, driverClass -> null, extensions -> {}, factoryClassLocation -> null, forceIgnoreUnresolvedTransactions -> false, forceSynchronousCheckins -> false, forceUseNamedDriverClass -> false, identityToken -> 1hge51da614418k51hne1yb|ed5ed18, idleConnectionTestPeriod -> 0, initialPoolSize -> 3, jdbcUrl -> jdbc:mysql://localhost/maomao?useUnicode=true&characterEncoding=UTF8&useSSL=true&serverTimezone=GMT%2B8, maxAdministrativeTaskTime -> 0, maxConnectionAge -> 0, maxIdleTime -> 0, maxIdleTimeExcessConnections -> 0, maxPoolSize -> 15, maxStatements -> 0, maxStatementsPerConnection -> 0, minPoolSize -> 3, numHelperThreads -> 3, preferredTestQuery -> null, privilegeSpawnedThreads -> false, properties -> {user=******, password=******}, propertyCycle -> 0, statementCacheNumDeferredCloseThreads -> 0, testConnectionOnCheckin -> false, testConnectionOnCheckout -> false, unreturnedConnectionTimeout -> 0, userOverrides -> {}, usesTraditionalReflectiveProxies -> false ]
2019-11-22 09:02:33.811 [restartedMain] DEBUG com.mchange.v2.resourcepool.BasicResourcePool - com.mchange.v2.resourcepool.BasicResourcePool@1ebf27f7 config: [start -> 3; min -> 3; max -> 15; inc -> 3; num_acq_attempts -> 30; acq_attempt_delay -> 1000; check_idle_resources_delay -> 0; max_resource_age -> 0; max_idle_time -> 0; excess_max_idle_time -> 0; destroy_unreturned_resc_time -> 0; expiration_enforcement_delay -> 0; break_on_acquisition_failure -> false; debug_store_checkout_exceptions -> false; force_synchronous_checkins -> false]
2019-11-22 09:02:33.811 [restartedMain] DEBUG com.mchange.v2.c3p0.impl.C3P0PooledConnectionPoolManager - Created new pool for auth, username (masked): 'ro******'.
2019-11-22 09:02:33.812 [restartedMain] DEBUG com.mchange.v2.resourcepool.BasicResourcePool - acquire test -- pool size: 0; target_pool_size: 3; desired target? 1
2019-11-22 09:02:33.812 [restartedMain] DEBUG com.mchange.v2.resourcepool.BasicResourcePool - awaitAvailable(): [unknown]
2019-11-22 09:02:34.110 [restartedMain] DEBUG com.mchange.v2.c3p0.impl.NewProxyConnection - com.mchange.v2.c3p0.impl.NewProxyConnection@199226c2 [wrapping: com.mysql.cj.jdbc.ConnectionImpl@46f869a2]: close() called more than once.
2019-11-22 09:02:34.608 [restartedMain] DEBUG org.hibernate.SQL - select resource0_.id as id1_3_, resource0_.create_time as create_t2_3_, resource0_.description as descript3_3_, resource0_.icon as icon4_3_, resource0_.is_hide as is_hide5_3_, resource0_.level as level6_3_, resource0_.name as name7_3_, resource0_.parent_id as parent_13_3_, resource0_.sort as sort8_3_, resource0_.source_key as source_k9_3_, resource0_.source_url as source_10_3_, resource0_.type as type11_3_, resource0_.update_time as update_12_3_ from tb_resource resource0_
2019-11-22 09:02:34.921 [restartedMain] INFO  org.apache.coyote.http11.Http11NioProtocol - Initializing ProtocolHandler ["http-nio-80"]
2019-11-22 09:02:34.921 [restartedMain] INFO  org.apache.catalina.core.StandardService - Starting service [Tomcat]
2019-11-22 09:02:34.921 [restartedMain] INFO  org.apache.catalina.core.StandardEngine - Starting Servlet engine: [Apache Tomcat/9.0.26]
2019-11-22 09:02:34.995 [restartedMain] INFO  org.apache.catalina.core.ContainerBase.[Tomcat].[localhost].[/] - Initializing Spring embedded WebApplicationContext
2019-11-22 09:02:36.622 [restartedMain] INFO  org.apache.coyote.http11.Http11NioProtocol - Starting ProtocolHandler ["http-nio-80"]
2019-11-22 09:02:36.629 [restartedMain] INFO  com.wxinnb.maomao.MaomaoApplication - Started MaomaoApplication in 3.86 seconds (JVM running for 1110.194)
2019-11-22 09:02:43.880 [http-nio-80-exec-1] INFO  org.apache.catalina.core.ContainerBase.[Tomcat].[localhost].[/] - Initializing Spring DispatcherServlet 'dispatcherServlet'
2019-11-22 09:02:43.911 [http-nio-80-exec-1] DEBUG org.hibernate.SQL - select product0_.product_id as product_1_1_, product0_.min_price as min_pric2_1_, product0_.name as name3_1_, product0_.number_good_reputation as number_g4_1_, product0_.number_orders as number_o5_1_, product0_.original_price as original6_1_, product0_.pic as pic7_1_, product0_.state as state8_1_ from t_product product0_ where product0_.name like ? escape ? limit ?
2019-11-22 16:35:59.292 [restartedMain] INFO  com.wxinnb.maomao.MaomaoApplication - Starting MaomaoApplication on DESKTOP-18EH1AM with PID 22328 (D:\IdeaProjects\maomao\target\classes started by wx in D:\IdeaProjects\maomao)
2019-11-22 16:35:59.300 [restartedMain] DEBUG com.wxinnb.maomao.MaomaoApplication - Running with Spring Boot v2.1.9.RELEASE, Spring v5.1.10.RELEASE
2019-11-22 16:35:59.300 [restartedMain] INFO  com.wxinnb.maomao.MaomaoApplication - The following profiles are active: dev
2019-11-22 16:36:04.685 [MLog-Init-Reporter] INFO  com.mchange.v2.log.MLog - MLog clients using slf4j logging.
2019-11-22 16:36:04.701 [MLog-Init-Reporter] DEBUG com.mchange.v2.log.MLog - Reading VM config for path list /com/mchange/v2/log/default-mchange-log.properties, /mchange-commons.properties, /c3p0.properties, hocon:/reference,/application,/c3p0,/, /mchange-log.properties, /
2019-11-22 16:36:04.701 [MLog-Init-Reporter] DEBUG com.mchange.v2.log.MLog - The configuration file for resource identifier '/mchange-commons.properties' could not be found. Skipping.
2019-11-22 16:36:04.701 [MLog-Init-Reporter] DEBUG com.mchange.v2.log.MLog - The configuration file for resource identifier '/c3p0.properties' could not be found. Skipping.
2019-11-22 16:36:04.701 [MLog-Init-Reporter] DEBUG com.mchange.v2.log.MLog - The configuration file for resource identifier 'hocon:/reference,/application,/c3p0,/' could not be found. Skipping.
2019-11-22 16:36:04.701 [MLog-Init-Reporter] DEBUG com.mchange.v2.log.MLog - The configuration file for resource identifier '/mchange-log.properties' could not be found. Skipping.
2019-11-22 16:36:04.701 [restartedMain] DEBUG com.mchange.v2.cfg.MConfig - The configuration file for resource identifier '/mchange-commons.properties' could not be found. Skipping.
2019-11-22 16:36:04.701 [restartedMain] DEBUG com.mchange.v2.cfg.MConfig - The configuration file for resource identifier '/mchange-log.properties' could not be found. Skipping.
2019-11-22 16:36:04.701 [restartedMain] DEBUG com.mchange.v2.cfg.MConfig - The configuration file for resource identifier 'hocon:/reference,/application,/c3p0,/' could not be found. Skipping.
2019-11-22 16:36:04.701 [restartedMain] DEBUG com.mchange.v2.cfg.MConfig - The configuration file for resource identifier '/c3p0.properties' could not be found. Skipping.
2019-11-22 16:36:04.732 [restartedMain] INFO  com.mchange.v2.c3p0.C3P0Registry - Initializing c3p0-0.9.5.2 [built 08-December-2015 22:06:04 -0800; debug? true; trace: 10]
2019-11-22 16:36:04.748 [restartedMain] DEBUG com.mchange.v2.c3p0.management.DynamicPooledDataSourceManagerMBean - MBean: com.mchange.v2.c3p0:type=PooledDataSource,identityToken=1hge51da614kw1kcc36dz4|46affe54,name=1hge51da614kw1kcc36dz4|46affe54 registered.
2019-11-22 16:36:04.795 [restartedMain] DEBUG com.mchange.v2.c3p0.management.DynamicPooledDataSourceManagerMBean - MBean: com.mchange.v2.c3p0:type=PooledDataSource,identityToken=1hge51da614kw1kcc36dz4|46affe54,name=1hge51da614kw1kcc36dz4|46affe54 unregistered, in order to be reregistered after update.
2019-11-22 16:36:04.795 [restartedMain] DEBUG com.mchange.v2.c3p0.management.DynamicPooledDataSourceManagerMBean - MBean: com.mchange.v2.c3p0:type=PooledDataSource,identityToken=1hge51da614kw1kcc36dz4|46affe54,name=1hge51da614kw1kcc36dz4|46affe54 registered.
2019-11-22 16:36:05.289 [restartedMain] INFO  com.mchange.v2.c3p0.impl.AbstractPoolBackedDataSource - Initializing c3p0 pool... com.mchange.v2.c3p0.ComboPooledDataSource [ acquireIncrement -> 3, acquireRetryAttempts -> 30, acquireRetryDelay -> 1000, autoCommitOnClose -> false, automaticTestTable -> null, breakAfterAcquireFailure -> false, checkoutTimeout -> 0, connectionCustomizerClassName -> null, connectionTesterClassName -> com.mchange.v2.c3p0.impl.DefaultConnectionTester, contextClassLoaderSource -> caller, dataSourceName -> 1hge51da614kw1kcc36dz4|46affe54, debugUnreturnedConnectionStackTraces -> false, description -> null, driverClass -> null, extensions -> {}, factoryClassLocation -> null, forceIgnoreUnresolvedTransactions -> false, forceSynchronousCheckins -> false, forceUseNamedDriverClass -> false, identityToken -> 1hge51da614kw1kcc36dz4|46affe54, idleConnectionTestPeriod -> 0, initialPoolSize -> 3, jdbcUrl -> jdbc:mysql://localhost/maomao?useUnicode=true&characterEncoding=UTF8&useSSL=true&serverTimezone=GMT%2B8, maxAdministrativeTaskTime -> 0, maxConnectionAge -> 0, maxIdleTime -> 0, maxIdleTimeExcessConnections -> 0, maxPoolSize -> 15, maxStatements -> 0, maxStatementsPerConnection -> 0, minPoolSize -> 3, numHelperThreads -> 3, preferredTestQuery -> null, privilegeSpawnedThreads -> false, properties -> {user=******, password=******}, propertyCycle -> 0, statementCacheNumDeferredCloseThreads -> 0, testConnectionOnCheckin -> false, testConnectionOnCheckout -> false, unreturnedConnectionTimeout -> 0, userOverrides -> {}, usesTraditionalReflectiveProxies -> false ]
2019-11-22 16:36:05.305 [restartedMain] DEBUG com.mchange.v2.cfg.MConfig - The configuration file for resource identifier '/mchange-commons.properties' could not be found. Skipping.
2019-11-22 16:36:05.305 [restartedMain] DEBUG com.mchange.v2.cfg.MConfig - The configuration file for resource identifier '/mchange-log.properties' could not be found. Skipping.
2019-11-22 16:36:05.305 [restartedMain] DEBUG com.mchange.v2.cfg.MConfig - The configuration file for resource identifier '/c3p0.properties' could not be found. Skipping.
2019-11-22 16:36:05.305 [restartedMain] DEBUG com.mchange.v2.cfg.MConfig - The configuration file for resource identifier 'hocon:/reference,/application,/c3p0,/' could not be found. Skipping.
2019-11-22 16:36:05.305 [restartedMain] DEBUG com.mchange.v2.resourcepool.BasicResourcePool - com.mchange.v2.resourcepool.BasicResourcePool@d0d5ad3 config: [start -> 3; min -> 3; max -> 15; inc -> 3; num_acq_attempts -> 30; acq_attempt_delay -> 1000; check_idle_resources_delay -> 0; max_resource_age -> 0; max_idle_time -> 0; excess_max_idle_time -> 0; destroy_unreturned_resc_time -> 0; expiration_enforcement_delay -> 0; break_on_acquisition_failure -> false; debug_store_checkout_exceptions -> false; force_synchronous_checkins -> false]
2019-11-22 16:36:05.305 [restartedMain] DEBUG com.mchange.v2.c3p0.impl.C3P0PooledConnectionPoolManager - Created new pool for auth, username (masked): 'ro******'.
2019-11-22 16:36:05.305 [restartedMain] DEBUG com.mchange.v2.resourcepool.BasicResourcePool - acquire test -- pool size: 0; target_pool_size: 3; desired target? 1
2019-11-22 16:36:05.305 [restartedMain] DEBUG com.mchange.v2.resourcepool.BasicResourcePool - awaitAvailable(): [unknown]
2019-11-22 16:36:12.861 [restartedMain] DEBUG org.hibernate.SQL - select resource0_.id as id1_3_, resource0_.create_time as create_t2_3_, resource0_.description as descript3_3_, resource0_.icon as icon4_3_, resource0_.is_hide as is_hide5_3_, resource0_.level as level6_3_, resource0_.name as name7_3_, resource0_.parent_id as parent_13_3_, resource0_.sort as sort8_3_, resource0_.source_key as source_k9_3_, resource0_.source_url as source_10_3_, resource0_.type as type11_3_, resource0_.update_time as update_12_3_ from tb_resource resource0_
2019-11-22 16:36:15.015 [restartedMain] INFO  org.apache.coyote.http11.Http11NioProtocol - Initializing ProtocolHandler ["http-nio-80"]
2019-11-22 16:36:15.046 [restartedMain] INFO  org.apache.catalina.core.StandardService - Starting service [Tomcat]
2019-11-22 16:36:15.046 [restartedMain] INFO  org.apache.catalina.core.StandardEngine - Starting Servlet engine: [Apache Tomcat/9.0.26]
2019-11-22 16:36:15.358 [restartedMain] INFO  org.apache.catalina.core.ContainerBase.[Tomcat].[localhost].[/] - Initializing Spring embedded WebApplicationContext
2019-11-22 16:36:18.051 [restartedMain] INFO  org.apache.coyote.http11.Http11NioProtocol - Starting ProtocolHandler ["http-nio-80"]
2019-11-22 16:36:18.082 [restartedMain] INFO  com.wxinnb.maomao.MaomaoApplication - Started MaomaoApplication in 20.516 seconds (JVM running for 24.88)
2019-11-22 16:36:46.512 [http-nio-80-exec-1] INFO  org.apache.catalina.core.ContainerBase.[Tomcat].[localhost].[/] - Initializing Spring DispatcherServlet 'dispatcherServlet'
2019-11-22 16:36:51.214 [http-nio-80-exec-5] DEBUG org.hibernate.SQL - select user0_.id as id1_6_, user0_.create_time as create_t2_6_, user0_.delete_status as delete_s3_6_, user0_.description as descript4_6_, user0_.locked as locked5_6_, user0_.nick_name as nick_nam6_6_, user0_.password as password7_6_, user0_.sex as sex8_6_, user0_.update_time as update_t9_6_, user0_.user_name as user_na10_6_ from tb_user user0_ where user0_.user_name=?
2019-11-22 16:36:55.797 [http-nio-80-exec-5] DEBUG org.hibernate.SQL - select product0_.product_id as product_1_1_, product0_.min_price as min_pric2_1_, product0_.name as name3_1_, product0_.number_good_reputation as number_g4_1_, product0_.number_orders as number_o5_1_, product0_.original_price as original6_1_, product0_.pic as pic7_1_, product0_.state as state8_1_ from t_product product0_ where product0_.name like ? escape ? limit ?
2019-11-22 16:37:03.449 [http-nio-80-exec-4] DEBUG org.hibernate.SQL - select product0_.product_id as product_1_1_, product0_.min_price as min_pric2_1_, product0_.name as name3_1_, product0_.number_good_reputation as number_g4_1_, product0_.number_orders as number_o5_1_, product0_.original_price as original6_1_, product0_.pic as pic7_1_, product0_.state as state8_1_ from t_product product0_ where product0_.name like ? escape ? limit ?
2019-11-22 16:38:46.608 [restartedMain] INFO  com.wxinnb.maomao.MaomaoApplication - Starting MaomaoApplication on DESKTOP-18EH1AM with PID 22732 (D:\IdeaProjects\maomao\target\classes started by wx in D:\IdeaProjects\maomao)
2019-11-22 16:38:46.612 [restartedMain] DEBUG com.wxinnb.maomao.MaomaoApplication - Running with Spring Boot v2.1.9.RELEASE, Spring v5.1.10.RELEASE
2019-11-22 16:38:46.612 [restartedMain] INFO  com.wxinnb.maomao.MaomaoApplication - The following profiles are active: dev
2019-11-22 16:38:48.792 [MLog-Init-Reporter] INFO  com.mchange.v2.log.MLog - MLog clients using slf4j logging.
2019-11-22 16:38:48.800 [MLog-Init-Reporter] DEBUG com.mchange.v2.log.MLog - Reading VM config for path list /com/mchange/v2/log/default-mchange-log.properties, /mchange-commons.properties, /c3p0.properties, hocon:/reference,/application,/c3p0,/, /mchange-log.properties, /
2019-11-22 16:38:48.800 [MLog-Init-Reporter] DEBUG com.mchange.v2.log.MLog - The configuration file for resource identifier '/mchange-commons.properties' could not be found. Skipping.
2019-11-22 16:38:48.800 [MLog-Init-Reporter] DEBUG com.mchange.v2.log.MLog - The configuration file for resource identifier '/c3p0.properties' could not be found. Skipping.
2019-11-22 16:38:48.800 [MLog-Init-Reporter] DEBUG com.mchange.v2.log.MLog - The configuration file for resource identifier 'hocon:/reference,/application,/c3p0,/' could not be found. Skipping.
2019-11-22 16:38:48.800 [MLog-Init-Reporter] DEBUG com.mchange.v2.log.MLog - The configuration file for resource identifier '/mchange-log.properties' could not be found. Skipping.
2019-11-22 16:38:48.803 [restartedMain] DEBUG com.mchange.v2.cfg.MConfig - The configuration file for resource identifier '/mchange-commons.properties' could not be found. Skipping.
2019-11-22 16:38:48.803 [restartedMain] DEBUG com.mchange.v2.cfg.MConfig - The configuration file for resource identifier '/mchange-log.properties' could not be found. Skipping.
2019-11-22 16:38:48.803 [restartedMain] DEBUG com.mchange.v2.cfg.MConfig - The configuration file for resource identifier 'hocon:/reference,/application,/c3p0,/' could not be found. Skipping.
2019-11-22 16:38:48.803 [restartedMain] DEBUG com.mchange.v2.cfg.MConfig - The configuration file for resource identifier '/c3p0.properties' could not be found. Skipping.
2019-11-22 16:38:48.846 [restartedMain] INFO  com.mchange.v2.c3p0.C3P0Registry - Initializing c3p0-0.9.5.2 [built 08-December-2015 22:06:04 -0800; debug? true; trace: 10]
2019-11-22 16:38:48.885 [restartedMain] DEBUG com.mchange.v2.c3p0.management.DynamicPooledDataSourceManagerMBean - MBean: com.mchange.v2.c3p0:type=PooledDataSource,identityToken=1hge51da614kzk73mrcef0|676c35f7,name=1hge51da614kzk73mrcef0|676c35f7 registered.
2019-11-22 16:38:48.924 [restartedMain] DEBUG com.mchange.v2.c3p0.management.DynamicPooledDataSourceManagerMBean - MBean: com.mchange.v2.c3p0:type=PooledDataSource,identityToken=1hge51da614kzk73mrcef0|676c35f7,name=1hge51da614kzk73mrcef0|676c35f7 unregistered, in order to be reregistered after update.
2019-11-22 16:38:48.924 [restartedMain] DEBUG com.mchange.v2.c3p0.management.DynamicPooledDataSourceManagerMBean - MBean: com.mchange.v2.c3p0:type=PooledDataSource,identityToken=1hge51da614kzk73mrcef0|676c35f7,name=1hge51da614kzk73mrcef0|676c35f7 registered.
2019-11-22 16:38:49.213 [restartedMain] INFO  com.mchange.v2.c3p0.impl.AbstractPoolBackedDataSource - Initializing c3p0 pool... com.mchange.v2.c3p0.ComboPooledDataSource [ acquireIncrement -> 3, acquireRetryAttempts -> 30, acquireRetryDelay -> 1000, autoCommitOnClose -> false, automaticTestTable -> null, breakAfterAcquireFailure -> false, checkoutTimeout -> 0, connectionCustomizerClassName -> null, connectionTesterClassName -> com.mchange.v2.c3p0.impl.DefaultConnectionTester, contextClassLoaderSource -> caller, dataSourceName -> 1hge51da614kzk73mrcef0|676c35f7, debugUnreturnedConnectionStackTraces -> false, description -> null, driverClass -> null, extensions -> {}, factoryClassLocation -> null, forceIgnoreUnresolvedTransactions -> false, forceSynchronousCheckins -> false, forceUseNamedDriverClass -> false, identityToken -> 1hge51da614kzk73mrcef0|676c35f7, idleConnectionTestPeriod -> 0, initialPoolSize -> 3, jdbcUrl -> jdbc:mysql://localhost/maomao?useUnicode=true&characterEncoding=UTF8&useSSL=true&serverTimezone=GMT%2B8, maxAdministrativeTaskTime -> 0, maxConnectionAge -> 0, maxIdleTime -> 0, maxIdleTimeExcessConnections -> 0, maxPoolSize -> 15, maxStatements -> 0, maxStatementsPerConnection -> 0, minPoolSize -> 3, numHelperThreads -> 3, preferredTestQuery -> null, privilegeSpawnedThreads -> false, properties -> {user=******, password=******}, propertyCycle -> 0, statementCacheNumDeferredCloseThreads -> 0, testConnectionOnCheckin -> false, testConnectionOnCheckout -> false, unreturnedConnectionTimeout -> 0, userOverrides -> {}, usesTraditionalReflectiveProxies -> false ]
2019-11-22 16:38:49.225 [restartedMain] DEBUG com.mchange.v2.cfg.MConfig - The configuration file for resource identifier '/mchange-commons.properties' could not be found. Skipping.
2019-11-22 16:38:49.225 [restartedMain] DEBUG com.mchange.v2.cfg.MConfig - The configuration file for resource identifier '/mchange-log.properties' could not be found. Skipping.
2019-11-22 16:38:49.225 [restartedMain] DEBUG com.mchange.v2.cfg.MConfig - The configuration file for resource identifier '/c3p0.properties' could not be found. Skipping.
2019-11-22 16:38:49.225 [restartedMain] DEBUG com.mchange.v2.cfg.MConfig - The configuration file for resource identifier 'hocon:/reference,/application,/c3p0,/' could not be found. Skipping.
2019-11-22 16:38:49.229 [restartedMain] DEBUG com.mchange.v2.resourcepool.BasicResourcePool - com.mchange.v2.resourcepool.BasicResourcePool@4c874a38 config: [start -> 3; min -> 3; max -> 15; inc -> 3; num_acq_attempts -> 30; acq_attempt_delay -> 1000; check_idle_resources_delay -> 0; max_resource_age -> 0; max_idle_time -> 0; excess_max_idle_time -> 0; destroy_unreturned_resc_time -> 0; expiration_enforcement_delay -> 0; break_on_acquisition_failure -> false; debug_store_checkout_exceptions -> false; force_synchronous_checkins -> false]
2019-11-22 16:38:49.229 [restartedMain] DEBUG com.mchange.v2.c3p0.impl.C3P0PooledConnectionPoolManager - Created new pool for auth, username (masked): 'ro******'.
2019-11-22 16:38:49.229 [restartedMain] DEBUG com.mchange.v2.resourcepool.BasicResourcePool - acquire test -- pool size: 0; target_pool_size: 3; desired target? 1
2019-11-22 16:38:49.229 [restartedMain] DEBUG com.mchange.v2.resourcepool.BasicResourcePool - awaitAvailable(): [unknown]
2019-11-22 16:38:51.987 [restartedMain] DEBUG org.hibernate.SQL - select resource0_.id as id1_3_, resource0_.create_time as create_t2_3_, resource0_.description as descript3_3_, resource0_.icon as icon4_3_, resource0_.is_hide as is_hide5_3_, resource0_.level as level6_3_, resource0_.name as name7_3_, resource0_.parent_id as parent_13_3_, resource0_.sort as sort8_3_, resource0_.source_key as source_k9_3_, resource0_.source_url as source_10_3_, resource0_.type as type11_3_, resource0_.update_time as update_12_3_ from tb_resource resource0_
2019-11-22 16:38:52.515 [restartedMain] INFO  org.apache.coyote.http11.Http11NioProtocol - Initializing ProtocolHandler ["http-nio-80"]
2019-11-22 16:38:52.530 [restartedMain] INFO  org.apache.catalina.core.StandardService - Starting service [Tomcat]
2019-11-22 16:38:52.530 [restartedMain] INFO  org.apache.catalina.core.StandardEngine - Starting Servlet engine: [Apache Tomcat/9.0.26]
2019-11-22 16:38:52.776 [restartedMain] INFO  org.apache.catalina.core.ContainerBase.[Tomcat].[localhost].[/] - Initializing Spring embedded WebApplicationContext
2019-11-22 16:38:54.530 [restartedMain] INFO  org.apache.coyote.http11.Http11NioProtocol - Starting ProtocolHandler ["http-nio-80"]
2019-11-22 16:38:54.573 [restartedMain] INFO  com.wxinnb.maomao.MaomaoApplication - Started MaomaoApplication in 8.867 seconds (JVM running for 11.904)
2019-11-22 16:39:04.976 [http-nio-80-exec-1] INFO  org.apache.catalina.core.ContainerBase.[Tomcat].[localhost].[/] - Initializing Spring DispatcherServlet 'dispatcherServlet'
2019-11-22 16:39:12.871 [http-nio-80-exec-1] DEBUG org.hibernate.SQL - select user0_.id as id1_6_, user0_.create_time as create_t2_6_, user0_.delete_status as delete_s3_6_, user0_.description as descript4_6_, user0_.locked as locked5_6_, user0_.nick_name as nick_nam6_6_, user0_.password as password7_6_, user0_.sex as sex8_6_, user0_.update_time as update_t9_6_, user0_.user_name as user_na10_6_ from tb_user user0_ where user0_.user_name=?
2019-11-22 16:39:16.301 [http-nio-80-exec-5] DEBUG org.hibernate.SQL - select product0_.product_id as product_1_1_, product0_.min_price as min_pric2_1_, product0_.name as name3_1_, product0_.number_good_reputation as number_g4_1_, product0_.number_orders as number_o5_1_, product0_.original_price as original6_1_, product0_.pic as pic7_1_, product0_.state as state8_1_ from t_product product0_ where product0_.name like ? escape ? limit ?
2019-11-22 16:40:12.816 [restartedMain] INFO  com.wxinnb.maomao.MaomaoApplication - Starting MaomaoApplication on DESKTOP-18EH1AM with PID 19132 (D:\IdeaProjects\maomao\target\classes started by wx in D:\IdeaProjects\maomao)
2019-11-22 16:40:12.816 [restartedMain] DEBUG com.wxinnb.maomao.MaomaoApplication - Running with Spring Boot v2.1.9.RELEASE, Spring v5.1.10.RELEASE
2019-11-22 16:40:12.820 [restartedMain] INFO  com.wxinnb.maomao.MaomaoApplication - The following profiles are active: dev
2019-11-22 16:40:15.214 [MLog-Init-Reporter] INFO  com.mchange.v2.log.MLog - MLog clients using slf4j logging.
2019-11-22 16:40:15.222 [MLog-Init-Reporter] DEBUG com.mchange.v2.log.MLog - Reading VM config for path list /com/mchange/v2/log/default-mchange-log.properties, /mchange-commons.properties, /c3p0.properties, hocon:/reference,/application,/c3p0,/, /mchange-log.properties, /
2019-11-22 16:40:15.222 [MLog-Init-Reporter] DEBUG com.mchange.v2.log.MLog - The configuration file for resource identifier '/mchange-commons.properties' could not be found. Skipping.
2019-11-22 16:40:15.222 [MLog-Init-Reporter] DEBUG com.mchange.v2.log.MLog - The configuration file for resource identifier '/c3p0.properties' could not be found. Skipping.
2019-11-22 16:40:15.222 [MLog-Init-Reporter] DEBUG com.mchange.v2.log.MLog - The configuration file for resource identifier 'hocon:/reference,/application,/c3p0,/' could not be found. Skipping.
2019-11-22 16:40:15.222 [MLog-Init-Reporter] DEBUG com.mchange.v2.log.MLog - The configuration file for resource identifier '/mchange-log.properties' could not be found. Skipping.
2019-11-22 16:40:15.230 [restartedMain] DEBUG com.mchange.v2.cfg.MConfig - The configuration file for resource identifier '/mchange-commons.properties' could not be found. Skipping.
2019-11-22 16:40:15.230 [restartedMain] DEBUG com.mchange.v2.cfg.MConfig - The configuration file for resource identifier '/mchange-log.properties' could not be found. Skipping.
2019-11-22 16:40:15.230 [restartedMain] DEBUG com.mchange.v2.cfg.MConfig - The configuration file for resource identifier 'hocon:/reference,/application,/c3p0,/' could not be found. Skipping.
2019-11-22 16:40:15.230 [restartedMain] DEBUG com.mchange.v2.cfg.MConfig - The configuration file for resource identifier '/c3p0.properties' could not be found. Skipping.
2019-11-22 16:40:15.269 [restartedMain] INFO  com.mchange.v2.c3p0.C3P0Registry - Initializing c3p0-0.9.5.2 [built 08-December-2015 22:06:04 -0800; debug? true; trace: 10]
2019-11-22 16:40:15.300 [restartedMain] DEBUG com.mchange.v2.c3p0.management.DynamicPooledDataSourceManagerMBean - MBean: com.mchange.v2.c3p0:type=PooledDataSource,identityToken=1hge51da614l1evp1uchfda|4ff9d7c4,name=1hge51da614l1evp1uchfda|4ff9d7c4 registered.
2019-11-22 16:40:15.327 [restartedMain] DEBUG com.mchange.v2.c3p0.management.DynamicPooledDataSourceManagerMBean - MBean: com.mchange.v2.c3p0:type=PooledDataSource,identityToken=1hge51da614l1evp1uchfda|4ff9d7c4,name=1hge51da614l1evp1uchfda|4ff9d7c4 unregistered, in order to be reregistered after update.
2019-11-22 16:40:15.331 [restartedMain] DEBUG com.mchange.v2.c3p0.management.DynamicPooledDataSourceManagerMBean - MBean: com.mchange.v2.c3p0:type=PooledDataSource,identityToken=1hge51da614l1evp1uchfda|4ff9d7c4,name=1hge51da614l1evp1uchfda|4ff9d7c4 registered.
2019-11-22 16:40:15.569 [restartedMain] INFO  com.mchange.v2.c3p0.impl.AbstractPoolBackedDataSource - Initializing c3p0 pool... com.mchange.v2.c3p0.ComboPooledDataSource [ acquireIncrement -> 3, acquireRetryAttempts -> 30, acquireRetryDelay -> 1000, autoCommitOnClose -> false, automaticTestTable -> null, breakAfterAcquireFailure -> false, checkoutTimeout -> 0, connectionCustomizerClassName -> null, connectionTesterClassName -> com.mchange.v2.c3p0.impl.DefaultConnectionTester, contextClassLoaderSource -> caller, dataSourceName -> 1hge51da614l1evp1uchfda|4ff9d7c4, debugUnreturnedConnectionStackTraces -> false, description -> null, driverClass -> null, extensions -> {}, factoryClassLocation -> null, forceIgnoreUnresolvedTransactions -> false, forceSynchronousCheckins -> false, forceUseNamedDriverClass -> false, identityToken -> 1hge51da614l1evp1uchfda|4ff9d7c4, idleConnectionTestPeriod -> 0, initialPoolSize -> 3, jdbcUrl -> jdbc:mysql://localhost/maomao?useUnicode=true&characterEncoding=UTF8&useSSL=true&serverTimezone=GMT%2B8, maxAdministrativeTaskTime -> 0, maxConnectionAge -> 0, maxIdleTime -> 0, maxIdleTimeExcessConnections -> 0, maxPoolSize -> 15, maxStatements -> 0, maxStatementsPerConnection -> 0, minPoolSize -> 3, numHelperThreads -> 3, preferredTestQuery -> null, privilegeSpawnedThreads -> false, properties -> {user=******, password=******}, propertyCycle -> 0, statementCacheNumDeferredCloseThreads -> 0, testConnectionOnCheckin -> false, testConnectionOnCheckout -> false, unreturnedConnectionTimeout -> 0, userOverrides -> {}, usesTraditionalReflectiveProxies -> false ]
2019-11-22 16:40:15.581 [restartedMain] DEBUG com.mchange.v2.cfg.MConfig - The configuration file for resource identifier '/mchange-commons.properties' could not be found. Skipping.
2019-11-22 16:40:15.581 [restartedMain] DEBUG com.mchange.v2.cfg.MConfig - The configuration file for resource identifier '/mchange-log.properties' could not be found. Skipping.
2019-11-22 16:40:15.581 [restartedMain] DEBUG com.mchange.v2.cfg.MConfig - The configuration file for resource identifier '/c3p0.properties' could not be found. Skipping.
2019-11-22 16:40:15.581 [restartedMain] DEBUG com.mchange.v2.cfg.MConfig - The configuration file for resource identifier 'hocon:/reference,/application,/c3p0,/' could not be found. Skipping.
2019-11-22 16:40:15.585 [restartedMain] DEBUG com.mchange.v2.resourcepool.BasicResourcePool - com.mchange.v2.resourcepool.BasicResourcePool@1b93233 config: [start -> 3; min -> 3; max -> 15; inc -> 3; num_acq_attempts -> 30; acq_attempt_delay -> 1000; check_idle_resources_delay -> 0; max_resource_age -> 0; max_idle_time -> 0; excess_max_idle_time -> 0; destroy_unreturned_resc_time -> 0; expiration_enforcement_delay -> 0; break_on_acquisition_failure -> false; debug_store_checkout_exceptions -> false; force_synchronous_checkins -> false]
2019-11-22 16:40:15.585 [restartedMain] DEBUG com.mchange.v2.c3p0.impl.C3P0PooledConnectionPoolManager - Created new pool for auth, username (masked): 'ro******'.
2019-11-22 16:40:15.585 [restartedMain] DEBUG com.mchange.v2.resourcepool.BasicResourcePool - acquire test -- pool size: 0; target_pool_size: 3; desired target? 1
2019-11-22 16:40:15.585 [restartedMain] DEBUG com.mchange.v2.resourcepool.BasicResourcePool - awaitAvailable(): [unknown]
2019-11-22 16:40:18.591 [restartedMain] DEBUG org.hibernate.SQL - select resource0_.id as id1_3_, resource0_.create_time as create_t2_3_, resource0_.description as descript3_3_, resource0_.icon as icon4_3_, resource0_.is_hide as is_hide5_3_, resource0_.level as level6_3_, resource0_.name as name7_3_, resource0_.parent_id as parent_13_3_, resource0_.sort as sort8_3_, resource0_.source_key as source_k9_3_, resource0_.source_url as source_10_3_, resource0_.type as type11_3_, resource0_.update_time as update_12_3_ from tb_resource resource0_
2019-11-22 16:40:19.474 [restartedMain] INFO  org.apache.coyote.http11.Http11NioProtocol - Initializing ProtocolHandler ["http-nio-80"]
2019-11-22 16:40:19.489 [restartedMain] INFO  org.apache.catalina.core.StandardService - Starting service [Tomcat]
2019-11-22 16:40:19.489 [restartedMain] INFO  org.apache.catalina.core.StandardEngine - Starting Servlet engine: [Apache Tomcat/9.0.26]
2019-11-22 16:40:19.743 [restartedMain] INFO  org.apache.catalina.core.ContainerBase.[Tomcat].[localhost].[/] - Initializing Spring embedded WebApplicationContext
2019-11-22 16:40:21.870 [restartedMain] INFO  org.apache.coyote.http11.Http11NioProtocol - Starting ProtocolHandler ["http-nio-80"]
2019-11-22 16:40:21.901 [restartedMain] INFO  com.wxinnb.maomao.MaomaoApplication - Started MaomaoApplication in 9.938 seconds (JVM running for 13.709)
2019-11-22 16:40:57.398 [http-nio-80-exec-1] INFO  org.apache.catalina.core.ContainerBase.[Tomcat].[localhost].[/] - Initializing Spring DispatcherServlet 'dispatcherServlet'
2019-11-22 16:41:01.558 [http-nio-80-exec-10] DEBUG org.hibernate.SQL - select user0_.id as id1_6_, user0_.create_time as create_t2_6_, user0_.delete_status as delete_s3_6_, user0_.description as descript4_6_, user0_.locked as locked5_6_, user0_.nick_name as nick_nam6_6_, user0_.password as password7_6_, user0_.sex as sex8_6_, user0_.update_time as update_t9_6_, user0_.user_name as user_na10_6_ from tb_user user0_ where user0_.user_name=?
2019-11-22 16:41:04.531 [http-nio-80-exec-8] DEBUG org.hibernate.SQL - select product0_.product_id as product_1_1_, product0_.min_price as min_pric2_1_, product0_.name as name3_1_, product0_.number_good_reputation as number_g4_1_, product0_.number_orders as number_o5_1_, product0_.original_price as original6_1_, product0_.pic as pic7_1_, product0_.state as state8_1_ from t_product product0_ where product0_.name like ? escape ? limit ?
2019-11-22 16:41:18.931 [http-nio-80-exec-8] DEBUG org.hibernate.SQL - select rollpic0_.roll_pic_id as roll_pic1_2_0_, rollpic0_.pic as pic2_2_0_, rollpic0_.product_id as product_3_2_0_ from t_roll_pic rollpic0_ where rollpic0_.roll_pic_id=?
2019-11-22 16:42:52.643 [restartedMain] INFO  com.wxinnb.maomao.MaomaoApplication - Starting MaomaoApplication on DESKTOP-18EH1AM with PID 23940 (D:\IdeaProjects\maomao\target\classes started by wx in D:\IdeaProjects\maomao)
2019-11-22 16:42:52.647 [restartedMain] DEBUG com.wxinnb.maomao.MaomaoApplication - Running with Spring Boot v2.1.9.RELEASE, Spring v5.1.10.RELEASE
2019-11-22 16:42:52.647 [restartedMain] INFO  com.wxinnb.maomao.MaomaoApplication - The following profiles are active: dev
2019-11-22 16:42:55.589 [MLog-Init-Reporter] INFO  com.mchange.v2.log.MLog - MLog clients using slf4j logging.
2019-11-22 16:42:55.596 [MLog-Init-Reporter] DEBUG com.mchange.v2.log.MLog - Reading VM config for path list /com/mchange/v2/log/default-mchange-log.properties, /mchange-commons.properties, /c3p0.properties, hocon:/reference,/application,/c3p0,/, /mchange-log.properties, /
2019-11-22 16:42:55.596 [MLog-Init-Reporter] DEBUG com.mchange.v2.log.MLog - The configuration file for resource identifier '/mchange-commons.properties' could not be found. Skipping.
2019-11-22 16:42:55.596 [MLog-Init-Reporter] DEBUG com.mchange.v2.log.MLog - The configuration file for resource identifier '/c3p0.properties' could not be found. Skipping.
2019-11-22 16:42:55.596 [MLog-Init-Reporter] DEBUG com.mchange.v2.log.MLog - The configuration file for resource identifier 'hocon:/reference,/application,/c3p0,/' could not be found. Skipping.
2019-11-22 16:42:55.596 [MLog-Init-Reporter] DEBUG com.mchange.v2.log.MLog - The configuration file for resource identifier '/mchange-log.properties' could not be found. Skipping.
2019-11-22 16:42:55.600 [restartedMain] DEBUG com.mchange.v2.cfg.MConfig - The configuration file for resource identifier '/mchange-commons.properties' could not be found. Skipping.
2019-11-22 16:42:55.600 [restartedMain] DEBUG com.mchange.v2.cfg.MConfig - The configuration file for resource identifier '/mchange-log.properties' could not be found. Skipping.
2019-11-22 16:42:55.600 [restartedMain] DEBUG com.mchange.v2.cfg.MConfig - The configuration file for resource identifier 'hocon:/reference,/application,/c3p0,/' could not be found. Skipping.
2019-11-22 16:42:55.600 [restartedMain] DEBUG com.mchange.v2.cfg.MConfig - The configuration file for resource identifier '/c3p0.properties' could not be found. Skipping.
2019-11-22 16:42:55.628 [restartedMain] INFO  com.mchange.v2.c3p0.C3P0Registry - Initializing c3p0-0.9.5.2 [built 08-December-2015 22:06:04 -0800; debug? true; trace: 10]
2019-11-22 16:42:55.655 [restartedMain] DEBUG com.mchange.v2.c3p0.management.DynamicPooledDataSourceManagerMBean - MBean: com.mchange.v2.c3p0:type=PooledDataSource,identityToken=1hge51da614l4umc14xxtkd|575bfc5b,name=1hge51da614l4umc14xxtkd|575bfc5b registered.
2019-11-22 16:42:55.675 [restartedMain] DEBUG com.mchange.v2.c3p0.management.DynamicPooledDataSourceManagerMBean - MBean: com.mchange.v2.c3p0:type=PooledDataSource,identityToken=1hge51da614l4umc14xxtkd|575bfc5b,name=1hge51da614l4umc14xxtkd|575bfc5b unregistered, in order to be reregistered after update.
2019-11-22 16:42:55.678 [restartedMain] DEBUG com.mchange.v2.c3p0.management.DynamicPooledDataSourceManagerMBean - MBean: com.mchange.v2.c3p0:type=PooledDataSource,identityToken=1hge51da614l4umc14xxtkd|575bfc5b,name=1hge51da614l4umc14xxtkd|575bfc5b registered.
2019-11-22 16:42:55.901 [restartedMain] INFO  com.mchange.v2.c3p0.impl.AbstractPoolBackedDataSource - Initializing c3p0 pool... com.mchange.v2.c3p0.ComboPooledDataSource [ acquireIncrement -> 3, acquireRetryAttempts -> 30, acquireRetryDelay -> 1000, autoCommitOnClose -> false, automaticTestTable -> null, breakAfterAcquireFailure -> false, checkoutTimeout -> 0, connectionCustomizerClassName -> null, connectionTesterClassName -> com.mchange.v2.c3p0.impl.DefaultConnectionTester, contextClassLoaderSource -> caller, dataSourceName -> 1hge51da614l4umc14xxtkd|575bfc5b, debugUnreturnedConnectionStackTraces -> false, description -> null, driverClass -> null, extensions -> {}, factoryClassLocation -> null, forceIgnoreUnresolvedTransactions -> false, forceSynchronousCheckins -> false, forceUseNamedDriverClass -> false, identityToken -> 1hge51da614l4umc14xxtkd|575bfc5b, idleConnectionTestPeriod -> 0, initialPoolSize -> 3, jdbcUrl -> jdbc:mysql://localhost/maomao?useUnicode=true&characterEncoding=UTF8&useSSL=true&serverTimezone=GMT%2B8, maxAdministrativeTaskTime -> 0, maxConnectionAge -> 0, maxIdleTime -> 0, maxIdleTimeExcessConnections -> 0, maxPoolSize -> 15, maxStatements -> 0, maxStatementsPerConnection -> 0, minPoolSize -> 3, numHelperThreads -> 3, preferredTestQuery -> null, privilegeSpawnedThreads -> false, properties -> {user=******, password=******}, propertyCycle -> 0, statementCacheNumDeferredCloseThreads -> 0, testConnectionOnCheckin -> false, testConnectionOnCheckout -> false, unreturnedConnectionTimeout -> 0, userOverrides -> {}, usesTraditionalReflectiveProxies -> false ]
2019-11-22 16:42:55.909 [restartedMain] DEBUG com.mchange.v2.cfg.MConfig - The configuration file for resource identifier '/mchange-commons.properties' could not be found. Skipping.
2019-11-22 16:42:55.909 [restartedMain] DEBUG com.mchange.v2.cfg.MConfig - The configuration file for resource identifier '/mchange-log.properties' could not be found. Skipping.
2019-11-22 16:42:55.909 [restartedMain] DEBUG com.mchange.v2.cfg.MConfig - The configuration file for resource identifier '/c3p0.properties' could not be found. Skipping.
2019-11-22 16:42:55.909 [restartedMain] DEBUG com.mchange.v2.cfg.MConfig - The configuration file for resource identifier 'hocon:/reference,/application,/c3p0,/' could not be found. Skipping.
2019-11-22 16:42:55.909 [restartedMain] DEBUG com.mchange.v2.resourcepool.BasicResourcePool - com.mchange.v2.resourcepool.BasicResourcePool@1c1a6611 config: [start -> 3; min -> 3; max -> 15; inc -> 3; num_acq_attempts -> 30; acq_attempt_delay -> 1000; check_idle_resources_delay -> 0; max_resource_age -> 0; max_idle_time -> 0; excess_max_idle_time -> 0; destroy_unreturned_resc_time -> 0; expiration_enforcement_delay -> 0; break_on_acquisition_failure -> false; debug_store_checkout_exceptions -> false; force_synchronous_checkins -> false]
2019-11-22 16:42:55.909 [restartedMain] DEBUG com.mchange.v2.c3p0.impl.C3P0PooledConnectionPoolManager - Created new pool for auth, username (masked): 'ro******'.
2019-11-22 16:42:55.909 [restartedMain] DEBUG com.mchange.v2.resourcepool.BasicResourcePool - acquire test -- pool size: 0; target_pool_size: 3; desired target? 1
2019-11-22 16:42:55.909 [restartedMain] DEBUG com.mchange.v2.resourcepool.BasicResourcePool - awaitAvailable(): [unknown]
2019-11-22 16:42:59.282 [restartedMain] DEBUG org.hibernate.SQL - select resource0_.id as id1_3_, resource0_.create_time as create_t2_3_, resource0_.description as descript3_3_, resource0_.icon as icon4_3_, resource0_.is_hide as is_hide5_3_, resource0_.level as level6_3_, resource0_.name as name7_3_, resource0_.parent_id as parent_13_3_, resource0_.sort as sort8_3_, resource0_.source_key as source_k9_3_, resource0_.source_url as source_10_3_, resource0_.type as type11_3_, resource0_.update_time as update_12_3_ from tb_resource resource0_
2019-11-22 16:42:59.809 [restartedMain] INFO  org.apache.coyote.http11.Http11NioProtocol - Initializing ProtocolHandler ["http-nio-80"]
2019-11-22 16:42:59.821 [restartedMain] INFO  org.apache.catalina.core.StandardService - Starting service [Tomcat]
2019-11-22 16:42:59.821 [restartedMain] INFO  org.apache.catalina.core.StandardEngine - Starting Servlet engine: [Apache Tomcat/9.0.26]
2019-11-22 16:43:00.086 [restartedMain] INFO  org.apache.catalina.core.ContainerBase.[Tomcat].[localhost].[/] - Initializing Spring embedded WebApplicationContext
2019-11-22 16:43:02.332 [restartedMain] INFO  org.apache.coyote.http11.Http11NioProtocol - Starting ProtocolHandler ["http-nio-80"]
2019-11-22 16:43:02.368 [restartedMain] INFO  com.wxinnb.maomao.MaomaoApplication - Started MaomaoApplication in 10.835 seconds (JVM running for 14.306)
2019-11-22 16:43:32.788 [restartedMain] INFO  com.wxinnb.maomao.MaomaoApplication - Starting MaomaoApplication on DESKTOP-18EH1AM with PID 23964 (D:\IdeaProjects\maomao\target\classes started by wx in D:\IdeaProjects\maomao)
2019-11-22 16:43:32.803 [restartedMain] DEBUG com.wxinnb.maomao.MaomaoApplication - Running with Spring Boot v2.1.9.RELEASE, Spring v5.1.10.RELEASE
2019-11-22 16:43:32.803 [restartedMain] INFO  com.wxinnb.maomao.MaomaoApplication - The following profiles are active: dev
2019-11-22 16:43:35.159 [MLog-Init-Reporter] INFO  com.mchange.v2.log.MLog - MLog clients using slf4j logging.
2019-11-22 16:43:35.159 [MLog-Init-Reporter] DEBUG com.mchange.v2.log.MLog - Reading VM config for path list /com/mchange/v2/log/default-mchange-log.properties, /mchange-commons.properties, /c3p0.properties, hocon:/reference,/application,/c3p0,/, /mchange-log.properties, /
2019-11-22 16:43:35.159 [MLog-Init-Reporter] DEBUG com.mchange.v2.log.MLog - The configuration file for resource identifier '/mchange-commons.properties' could not be found. Skipping.
2019-11-22 16:43:35.159 [MLog-Init-Reporter] DEBUG com.mchange.v2.log.MLog - The configuration file for resource identifier '/c3p0.properties' could not be found. Skipping.
2019-11-22 16:43:35.159 [MLog-Init-Reporter] DEBUG com.mchange.v2.log.MLog - The configuration file for resource identifier 'hocon:/reference,/application,/c3p0,/' could not be found. Skipping.
2019-11-22 16:43:35.159 [MLog-Init-Reporter] DEBUG com.mchange.v2.log.MLog - The configuration file for resource identifier '/mchange-log.properties' could not be found. Skipping.
2019-11-22 16:43:35.175 [restartedMain] DEBUG com.mchange.v2.cfg.MConfig - The configuration file for resource identifier '/mchange-commons.properties' could not be found. Skipping.
2019-11-22 16:43:35.175 [restartedMain] DEBUG com.mchange.v2.cfg.MConfig - The configuration file for resource identifier '/mchange-log.properties' could not be found. Skipping.
2019-11-22 16:43:35.175 [restartedMain] DEBUG com.mchange.v2.cfg.MConfig - The configuration file for resource identifier 'hocon:/reference,/application,/c3p0,/' could not be found. Skipping.
2019-11-22 16:43:35.175 [restartedMain] DEBUG com.mchange.v2.cfg.MConfig - The configuration file for resource identifier '/c3p0.properties' could not be found. Skipping.
2019-11-22 16:43:35.206 [restartedMain] INFO  com.mchange.v2.c3p0.C3P0Registry - Initializing c3p0-0.9.5.2 [built 08-December-2015 22:06:04 -0800; debug? true; trace: 10]
2019-11-22 16:43:35.237 [restartedMain] DEBUG com.mchange.v2.c3p0.management.DynamicPooledDataSourceManagerMBean - MBean: com.mchange.v2.c3p0:type=PooledDataSource,identityToken=1hge51da614l5p5ic5i5p6|64166e11,name=1hge51da614l5p5ic5i5p6|64166e11 registered.
2019-11-22 16:43:35.269 [restartedMain] DEBUG com.mchange.v2.c3p0.management.DynamicPooledDataSourceManagerMBean - MBean: com.mchange.v2.c3p0:type=PooledDataSource,identityToken=1hge51da614l5p5ic5i5p6|64166e11,name=1hge51da614l5p5ic5i5p6|64166e11 unregistered, in order to be reregistered after update.
2019-11-22 16:43:35.269 [restartedMain] DEBUG com.mchange.v2.c3p0.management.DynamicPooledDataSourceManagerMBean - MBean: com.mchange.v2.c3p0:type=PooledDataSource,identityToken=1hge51da614l5p5ic5i5p6|64166e11,name=1hge51da614l5p5ic5i5p6|64166e11 registered.
2019-11-22 16:43:35.487 [restartedMain] INFO  com.mchange.v2.c3p0.impl.AbstractPoolBackedDataSource - Initializing c3p0 pool... com.mchange.v2.c3p0.ComboPooledDataSource [ acquireIncrement -> 3, acquireRetryAttempts -> 30, acquireRetryDelay -> 1000, autoCommitOnClose -> false, automaticTestTable -> null, breakAfterAcquireFailure -> false, checkoutTimeout -> 0, connectionCustomizerClassName -> null, connectionTesterClassName -> com.mchange.v2.c3p0.impl.DefaultConnectionTester, contextClassLoaderSource -> caller, dataSourceName -> 1hge51da614l5p5ic5i5p6|64166e11, debugUnreturnedConnectionStackTraces -> false, description -> null, driverClass -> null, extensions -> {}, factoryClassLocation -> null, forceIgnoreUnresolvedTransactions -> false, forceSynchronousCheckins -> false, forceUseNamedDriverClass -> false, identityToken -> 1hge51da614l5p5ic5i5p6|64166e11, idleConnectionTestPeriod -> 0, initialPoolSize -> 3, jdbcUrl -> jdbc:mysql://localhost/maomao?useUnicode=true&characterEncoding=UTF8&useSSL=true&serverTimezone=GMT%2B8, maxAdministrativeTaskTime -> 0, maxConnectionAge -> 0, maxIdleTime -> 0, maxIdleTimeExcessConnections -> 0, maxPoolSize -> 15, maxStatements -> 0, maxStatementsPerConnection -> 0, minPoolSize -> 3, numHelperThreads -> 3, preferredTestQuery -> null, privilegeSpawnedThreads -> false, properties -> {user=******, password=******}, propertyCycle -> 0, statementCacheNumDeferredCloseThreads -> 0, testConnectionOnCheckin -> false, testConnectionOnCheckout -> false, unreturnedConnectionTimeout -> 0, userOverrides -> {}, usesTraditionalReflectiveProxies -> false ]
2019-11-22 16:43:35.487 [restartedMain] DEBUG com.mchange.v2.cfg.MConfig - The configuration file for resource identifier '/mchange-commons.properties' could not be found. Skipping.
2019-11-22 16:43:35.487 [restartedMain] DEBUG com.mchange.v2.cfg.MConfig - The configuration file for resource identifier '/mchange-log.properties' could not be found. Skipping.
2019-11-22 16:43:35.487 [restartedMain] DEBUG com.mchange.v2.cfg.MConfig - The configuration file for resource identifier '/c3p0.properties' could not be found. Skipping.
2019-11-22 16:43:35.487 [restartedMain] DEBUG com.mchange.v2.cfg.MConfig - The configuration file for resource identifier 'hocon:/reference,/application,/c3p0,/' could not be found. Skipping.
2019-11-22 16:43:35.487 [restartedMain] DEBUG com.mchange.v2.resourcepool.BasicResourcePool - com.mchange.v2.resourcepool.BasicResourcePool@75c66254 config: [start -> 3; min -> 3; max -> 15; inc -> 3; num_acq_attempts -> 30; acq_attempt_delay -> 1000; check_idle_resources_delay -> 0; max_resource_age -> 0; max_idle_time -> 0; excess_max_idle_time -> 0; destroy_unreturned_resc_time -> 0; expiration_enforcement_delay -> 0; break_on_acquisition_failure -> false; debug_store_checkout_exceptions -> false; force_synchronous_checkins -> false]
2019-11-22 16:43:35.487 [restartedMain] DEBUG com.mchange.v2.c3p0.impl.C3P0PooledConnectionPoolManager - Created new pool for auth, username (masked): 'ro******'.
2019-11-22 16:43:35.487 [restartedMain] DEBUG com.mchange.v2.resourcepool.BasicResourcePool - acquire test -- pool size: 0; target_pool_size: 3; desired target? 1
2019-11-22 16:43:35.487 [restartedMain] DEBUG com.mchange.v2.resourcepool.BasicResourcePool - awaitAvailable(): [unknown]
2019-11-22 16:43:37.378 [restartedMain] DEBUG org.hibernate.SQL - create table t_roll_pic (roll_pic_id integer not null, pic varchar(255), product_id integer, primary key (roll_pic_id)) ENGINE=InnoDB DEFAULT CHARSET=utf8
2019-11-22 16:43:38.071 [restartedMain] DEBUG org.hibernate.SQL - select resource0_.id as id1_3_, resource0_.create_time as create_t2_3_, resource0_.description as descript3_3_, resource0_.icon as icon4_3_, resource0_.is_hide as is_hide5_3_, resource0_.level as level6_3_, resource0_.name as name7_3_, resource0_.parent_id as parent_13_3_, resource0_.sort as sort8_3_, resource0_.source_key as source_k9_3_, resource0_.source_url as source_10_3_, resource0_.type as type11_3_, resource0_.update_time as update_12_3_ from tb_resource resource0_
2019-11-22 16:43:38.586 [restartedMain] INFO  org.apache.coyote.http11.Http11NioProtocol - Initializing ProtocolHandler ["http-nio-80"]
2019-11-22 16:43:38.602 [restartedMain] INFO  org.apache.catalina.core.StandardService - Starting service [Tomcat]
2019-11-22 16:43:38.602 [restartedMain] INFO  org.apache.catalina.core.StandardEngine - Starting Servlet engine: [Apache Tomcat/9.0.26]
2019-11-22 16:43:38.836 [restartedMain] INFO  org.apache.catalina.core.ContainerBase.[Tomcat].[localhost].[/] - Initializing Spring embedded WebApplicationContext
2019-11-22 16:43:40.649 [restartedMain] INFO  org.apache.coyote.http11.Http11NioProtocol - Starting ProtocolHandler ["http-nio-80"]
2019-11-22 16:43:40.680 [restartedMain] INFO  com.wxinnb.maomao.MaomaoApplication - Started MaomaoApplication in 9.064 seconds (JVM running for 12.324)
2019-11-22 16:45:29.992 [http-nio-80-exec-1] INFO  org.apache.catalina.core.ContainerBase.[Tomcat].[localhost].[/] - Initializing Spring DispatcherServlet 'dispatcherServlet'
2019-11-22 16:45:30.098 [http-nio-80-exec-1] DEBUG org.hibernate.SQL - select product0_.product_id as product_1_1_, product0_.min_price as min_pric2_1_, product0_.name as name3_1_, product0_.number_good_reputation as number_g4_1_, product0_.number_orders as number_o5_1_, product0_.original_price as original6_1_, product0_.pic as pic7_1_, product0_.state as state8_1_ from t_product product0_ where product0_.name like ? escape ? limit ?
2019-11-22 16:45:38.108 [http-nio-80-exec-9] DEBUG org.hibernate.SQL - select user0_.id as id1_6_, user0_.create_time as create_t2_6_, user0_.delete_status as delete_s3_6_, user0_.description as descript4_6_, user0_.locked as locked5_6_, user0_.nick_name as nick_nam6_6_, user0_.password as password7_6_, user0_.sex as sex8_6_, user0_.update_time as update_t9_6_, user0_.user_name as user_na10_6_ from tb_user user0_ where user0_.user_name=?
2019-11-22 16:45:41.589 [http-nio-80-exec-10] DEBUG org.hibernate.SQL - select user0_.id as id1_6_, user0_.create_time as create_t2_6_, user0_.delete_status as delete_s3_6_, user0_.description as descript4_6_, user0_.locked as locked5_6_, user0_.nick_name as nick_nam6_6_, user0_.password as password7_6_, user0_.sex as sex8_6_, user0_.update_time as update_t9_6_, user0_.user_name as user_na10_6_ from tb_user user0_ where user0_.nick_name like ? escape ? limit ?
2019-11-22 16:45:41.607 [http-nio-80-exec-10] DEBUG org.hibernate.SQL - select roles0_.user_id as user_id1_7_0_, roles0_.role_id as role_id2_7_0_, role1_.id as id1_4_1_, role1_.create_time as create_t2_4_1_, role1_.description as descript3_4_1_, role1_.name as name4_4_1_, role1_.role_key as role_key5_4_1_, role1_.status as status6_4_1_, role1_.update_time as update_t7_4_1_ from tb_user_role roles0_ inner join tb_role role1_ on roles0_.role_id=role1_.id where roles0_.user_id=?
2019-11-22 16:45:41.625 [http-nio-80-exec-10] DEBUG org.hibernate.SQL - select resources0_.role_id as role_id1_5_0_, resources0_.resource_id as resource2_5_0_, resource1_.id as id1_3_1_, resource1_.create_time as create_t2_3_1_, resource1_.description as descript3_3_1_, resource1_.icon as icon4_3_1_, resource1_.is_hide as is_hide5_3_1_, resource1_.level as level6_3_1_, resource1_.name as name7_3_1_, resource1_.parent_id as parent_13_3_1_, resource1_.sort as sort8_3_1_, resource1_.source_key as source_k9_3_1_, resource1_.source_url as source_10_3_1_, resource1_.type as type11_3_1_, resource1_.update_time as update_12_3_1_ from tb_role_resource resources0_ inner join tb_resource resource1_ on resources0_.resource_id=resource1_.id where resources0_.role_id=?
2019-11-22 16:45:41.645 [http-nio-80-exec-10] DEBUG org.hibernate.SQL - select roles0_.user_id as user_id1_7_0_, roles0_.role_id as role_id2_7_0_, role1_.id as id1_4_1_, role1_.create_time as create_t2_4_1_, role1_.description as descript3_4_1_, role1_.name as name4_4_1_, role1_.role_key as role_key5_4_1_, role1_.status as status6_4_1_, role1_.update_time as update_t7_4_1_ from tb_user_role roles0_ inner join tb_role role1_ on roles0_.role_id=role1_.id where roles0_.user_id=?
2019-11-22 16:45:45.696 [http-nio-80-exec-2] DEBUG org.hibernate.SQL - select product0_.product_id as product_1_1_, product0_.min_price as min_pric2_1_, product0_.name as name3_1_, product0_.number_good_reputation as number_g4_1_, product0_.number_orders as number_o5_1_, product0_.original_price as original6_1_, product0_.pic as pic7_1_, product0_.state as state8_1_ from t_product product0_ where product0_.name like ? escape ? limit ?
2019-11-22 16:45:58.675 [http-nio-80-exec-3] DEBUG org.hibernate.SQL - select next_val as id_val from hibernate_sequence for update
2019-11-22 16:45:58.677 [http-nio-80-exec-3] DEBUG org.hibernate.SQL - update hibernate_sequence set next_val= ? where next_val=?
2019-11-22 16:45:58.712 [http-nio-80-exec-3] DEBUG org.hibernate.SQL - insert into t_roll_pic (pic, product_id, roll_pic_id) values (?, ?, ?)
2019-11-22 16:46:19.417 [http-nio-80-exec-4] DEBUG org.hibernate.SQL - select product0_.product_id as product_1_1_, product0_.min_price as min_pric2_1_, product0_.name as name3_1_, product0_.number_good_reputation as number_g4_1_, product0_.number_orders as number_o5_1_, product0_.original_price as original6_1_, product0_.pic as pic7_1_, product0_.state as state8_1_ from t_product product0_ where product0_.name like ? escape ? limit ?
2019-11-22 16:49:40.378 [http-nio-80-exec-2] DEBUG org.hibernate.SQL - select product0_.product_id as product_1_1_, product0_.min_price as min_pric2_1_, product0_.name as name3_1_, product0_.number_good_reputation as number_g4_1_, product0_.number_orders as number_o5_1_, product0_.original_price as original6_1_, product0_.pic as pic7_1_, product0_.state as state8_1_ from t_product product0_ where product0_.name like ? escape ? limit ?
