2020-03-25 08:11:56.265 [restartedMain] INFO  com.wxinnb.maomao.MaomaoApplication - Starting MaomaoApplication on DESKTOP-18EH1AM with PID 20068 (D:\IdeaProjects\maomao\target\classes started by wx in D:\IdeaProjects\maomao)
2020-03-25 08:11:56.265 [restartedMain] INFO  com.wxinnb.maomao.MaomaoApplication - The following profiles are active: dev
2020-03-25 08:11:57.254 [restartedMain] INFO  com.mchange.v2.c3p0.impl.AbstractPoolBackedDataSource - Initializing c3p0 pool... com.mchange.v2.c3p0.ComboPooledDataSource [ acquireIncrement -> 3, acquireRetryAttempts -> 30, acquireRetryDelay -> 1000, autoCommitOnClose -> false, automaticTestTable -> null, breakAfterAcquireFailure -> false, checkoutTimeout -> 0, connectionCustomizerClassName -> null, connectionTesterClassName -> com.mchange.v2.c3p0.impl.DefaultConnectionTester, contextClassLoaderSource -> caller, dataSourceName -> 1hge51da93fwi0r1hlw36w|71b8e575, debugUnreturnedConnectionStackTraces -> false, description -> null, driverClass -> null, extensions -> {}, factoryClassLocation -> null, forceIgnoreUnresolvedTransactions -> false, forceSynchronousCheckins -> false, forceUseNamedDriverClass -> false, identityToken -> 1hge51da93fwi0r1hlw36w|71b8e575, idleConnectionTestPeriod -> 0, initialPoolSize -> 3, jdbcUrl -> jdbc:mysql://47.97.210.197/maomao?useUnicode=true&characterEncoding=UTF8&useSSL=true&serverTimezone=GMT%2B8, maxAdministrativeTaskTime -> 0, maxConnectionAge -> 0, maxIdleTime -> 0, maxIdleTimeExcessConnections -> 0, maxPoolSize -> 15, maxStatements -> 0, maxStatementsPerConnection -> 0, minPoolSize -> 3, numHelperThreads -> 3, preferredTestQuery -> null, privilegeSpawnedThreads -> false, properties -> {user=******, password=******}, propertyCycle -> 0, statementCacheNumDeferredCloseThreads -> 0, testConnectionOnCheckin -> false, testConnectionOnCheckout -> false, unreturnedConnectionTimeout -> 0, userOverrides -> {}, usesTraditionalReflectiveProxies -> false ]
2020-03-25 08:11:59.006 [restartedMain] DEBUG org.hibernate.SQL - select resource0_.id as id1_6_, resource0_.create_time as create_t2_6_, resource0_.description as descript3_6_, resource0_.icon as icon4_6_, resource0_.is_hide as is_hide5_6_, resource0_.level as level6_6_, resource0_.name as name7_6_, resource0_.parent_id as parent_13_6_, resource0_.sort as sort8_6_, resource0_.source_key as source_k9_6_, resource0_.source_url as source_10_6_, resource0_.type as type11_6_, resource0_.update_time as update_12_6_ from tb_resource resource0_
2020-03-25 08:11:59.398 [restartedMain] INFO  org.apache.coyote.http11.Http11NioProtocol - Initializing ProtocolHandler ["http-nio-8080"]
2020-03-25 08:11:59.399 [restartedMain] INFO  org.apache.catalina.core.StandardService - Starting service [Tomcat]
2020-03-25 08:11:59.399 [restartedMain] INFO  org.apache.catalina.core.StandardEngine - Starting Servlet engine: [Apache Tomcat/9.0.26]
2020-03-25 08:11:59.453 [restartedMain] INFO  org.apache.catalina.core.ContainerBase.[Tomcat].[localhost].[/] - Initializing Spring embedded WebApplicationContext
2020-03-25 08:12:00.720 [restartedMain] INFO  org.apache.coyote.http11.Http11NioProtocol - Starting ProtocolHandler ["http-nio-8080"]
2020-03-25 08:12:00.726 [restartedMain] INFO  com.wxinnb.maomao.MaomaoApplication - Started MaomaoApplication in 4.535 seconds (JVM running for 44086.409)
2020-03-25 08:15:16.084 [restartedMain] INFO  com.wxinnb.maomao.MaomaoApplication - Starting MaomaoApplication on DESKTOP-18EH1AM with PID 20856 (D:\IdeaProjects\maomao\target\classes started by wx in D:\IdeaProjects\maomao)
2020-03-25 08:15:16.092 [restartedMain] INFO  com.wxinnb.maomao.MaomaoApplication - The following profiles are active: dev
2020-03-25 08:15:18.449 [MLog-Init-Reporter] INFO  com.mchange.v2.log.MLog - MLog clients using slf4j logging.
2020-03-25 08:15:18.492 [restartedMain] INFO  com.mchange.v2.c3p0.C3P0Registry - Initializing c3p0-0.9.5.2 [built 08-December-2015 22:06:04 -0800; debug? true; trace: 10]
2020-03-25 08:15:18.744 [restartedMain] INFO  com.mchange.v2.c3p0.impl.AbstractPoolBackedDataSource - Initializing c3p0 pool... com.mchange.v2.c3p0.ComboPooledDataSource [ acquireIncrement -> 3, acquireRetryAttempts -> 30, acquireRetryDelay -> 1000, autoCommitOnClose -> false, automaticTestTable -> null, breakAfterAcquireFailure -> false, checkoutTimeout -> 0, connectionCustomizerClassName -> null, connectionTesterClassName -> com.mchange.v2.c3p0.impl.DefaultConnectionTester, contextClassLoaderSource -> caller, dataSourceName -> 1hge51da9469ihdick2lc|388c2144, debugUnreturnedConnectionStackTraces -> false, description -> null, driverClass -> null, extensions -> {}, factoryClassLocation -> null, forceIgnoreUnresolvedTransactions -> false, forceSynchronousCheckins -> false, forceUseNamedDriverClass -> false, identityToken -> 1hge51da9469ihdick2lc|388c2144, idleConnectionTestPeriod -> 0, initialPoolSize -> 3, jdbcUrl -> jdbc:mysql://47.97.210.197/maomao?useUnicode=true&characterEncoding=UTF8&useSSL=true&serverTimezone=GMT%2B8, maxAdministrativeTaskTime -> 0, maxConnectionAge -> 0, maxIdleTime -> 0, maxIdleTimeExcessConnections -> 0, maxPoolSize -> 15, maxStatements -> 0, maxStatementsPerConnection -> 0, minPoolSize -> 3, numHelperThreads -> 3, preferredTestQuery -> null, privilegeSpawnedThreads -> false, properties -> {user=******, password=******}, propertyCycle -> 0, statementCacheNumDeferredCloseThreads -> 0, testConnectionOnCheckin -> false, testConnectionOnCheckout -> false, unreturnedConnectionTimeout -> 0, userOverrides -> {}, usesTraditionalReflectiveProxies -> false ]
2020-03-25 08:15:22.761 [restartedMain] DEBUG org.hibernate.SQL - select resource0_.id as id1_6_, resource0_.create_time as create_t2_6_, resource0_.description as descript3_6_, resource0_.icon as icon4_6_, resource0_.is_hide as is_hide5_6_, resource0_.level as level6_6_, resource0_.name as name7_6_, resource0_.parent_id as parent_13_6_, resource0_.sort as sort8_6_, resource0_.source_key as source_k9_6_, resource0_.source_url as source_10_6_, resource0_.type as type11_6_, resource0_.update_time as update_12_6_ from tb_resource resource0_
2020-03-25 08:15:23.914 [restartedMain] INFO  org.apache.coyote.http11.Http11NioProtocol - Initializing ProtocolHandler ["http-nio-8080"]
2020-03-25 08:15:23.925 [restartedMain] INFO  org.apache.catalina.core.StandardService - Starting service [Tomcat]
2020-03-25 08:15:23.925 [restartedMain] INFO  org.apache.catalina.core.StandardEngine - Starting Servlet engine: [Apache Tomcat/9.0.26]
2020-03-25 08:15:24.171 [restartedMain] INFO  org.apache.catalina.core.ContainerBase.[Tomcat].[localhost].[/] - Initializing Spring embedded WebApplicationContext
2020-03-25 08:15:26.201 [restartedMain] INFO  org.apache.coyote.http11.Http11NioProtocol - Starting ProtocolHandler ["http-nio-8080"]
2020-03-25 08:15:26.245 [restartedMain] INFO  com.wxinnb.maomao.MaomaoApplication - Started MaomaoApplication in 11.117 seconds (JVM running for 14.568)
2020-03-25 08:15:44.122 [http-nio-8080-exec-1] INFO  org.apache.catalina.core.ContainerBase.[Tomcat].[localhost].[/] - Initializing Spring DispatcherServlet 'dispatcherServlet'
2020-03-25 08:15:44.273 [http-nio-8080-exec-1] DEBUG org.hibernate.SQL - select address0_.id as id1_3_, address0_.address as address2_3_, address0_.gender as gender3_3_, address0_.name as name4_3_, address0_.open_id as open_id5_3_, address0_.phone as phone6_3_ from tb_address address0_ where address0_.open_id=?
2020-03-25 08:15:50.113 [http-nio-8080-exec-2] ERROR org.apache.catalina.core.ContainerBase.[Tomcat].[localhost].[/].[dispatcherServlet] - Servlet.service() for servlet [dispatcherServlet] in context with path [] threw exception [Request processing failed; nested exception is java.lang.NumberFormatException: null] with root cause
java.lang.NumberFormatException: null
	at java.lang.Integer.parseInt(Integer.java:542)
	at java.lang.Integer.parseInt(Integer.java:615)
	at com.wxinnb.maomao.controller.AddressController.deleteUserAddressById(AddressController.java:73)
	at sun.reflect.NativeMethodAccessorImpl.invoke0(Native Method)
	at sun.reflect.NativeMethodAccessorImpl.invoke(NativeMethodAccessorImpl.java:62)
	at sun.reflect.DelegatingMethodAccessorImpl.invoke(DelegatingMethodAccessorImpl.java:43)
	at java.lang.reflect.Method.invoke(Method.java:498)
	at org.springframework.web.method.support.InvocableHandlerMethod.doInvoke(InvocableHandlerMethod.java:190)
	at org.springframework.web.method.support.InvocableHandlerMethod.invokeForRequest(InvocableHandlerMethod.java:138)
	at org.springframework.web.servlet.mvc.method.annotation.ServletInvocableHandlerMethod.invokeAndHandle(ServletInvocableHandlerMethod.java:105)
	at org.springframework.web.servlet.mvc.method.annotation.RequestMappingHandlerAdapter.invokeHandlerMethod(RequestMappingHandlerAdapter.java:893)
	at org.springframework.web.servlet.mvc.method.annotation.RequestMappingHandlerAdapter.handleInternal(RequestMappingHandlerAdapter.java:798)
	at org.springframework.web.servlet.mvc.method.AbstractHandlerMethodAdapter.handle(AbstractHandlerMethodAdapter.java:87)
	at org.springframework.web.servlet.DispatcherServlet.doDispatch(DispatcherServlet.java:1040)
	at org.springframework.web.servlet.DispatcherServlet.doService(DispatcherServlet.java:943)
	at org.springframework.web.servlet.FrameworkServlet.processRequest(FrameworkServlet.java:1006)
	at org.springframework.web.servlet.FrameworkServlet.doPost(FrameworkServlet.java:909)
	at javax.servlet.http.HttpServlet.service(HttpServlet.java:660)
	at org.springframework.web.servlet.FrameworkServlet.service(FrameworkServlet.java:883)
	at javax.servlet.http.HttpServlet.service(HttpServlet.java:741)
	at org.apache.catalina.core.ApplicationFilterChain.internalDoFilter(ApplicationFilterChain.java:231)
	at org.apache.catalina.core.ApplicationFilterChain.doFilter(ApplicationFilterChain.java:166)
	at org.apache.tomcat.websocket.server.WsFilter.doFilter(WsFilter.java:53)
	at org.apache.catalina.core.ApplicationFilterChain.internalDoFilter(ApplicationFilterChain.java:193)
	at org.apache.catalina.core.ApplicationFilterChain.doFilter(ApplicationFilterChain.java:166)
	at org.apache.shiro.web.servlet.AbstractShiroFilter.executeChain(AbstractShiroFilter.java:449)
	at org.apache.shiro.web.servlet.AbstractShiroFilter$1.call(AbstractShiroFilter.java:365)
	at org.apache.shiro.subject.support.SubjectCallable.doCall(SubjectCallable.java:90)
	at org.apache.shiro.subject.support.SubjectCallable.call(SubjectCallable.java:83)
	at org.apache.shiro.subject.support.DelegatingSubject.execute(DelegatingSubject.java:383)
	at org.apache.shiro.web.servlet.AbstractShiroFilter.doFilterInternal(AbstractShiroFilter.java:362)
	at org.apache.shiro.web.servlet.OncePerRequestFilter.doFilter(OncePerRequestFilter.java:125)
	at org.apache.catalina.core.ApplicationFilterChain.internalDoFilter(ApplicationFilterChain.java:193)
	at org.apache.catalina.core.ApplicationFilterChain.doFilter(ApplicationFilterChain.java:166)
	at org.springframework.web.filter.RequestContextFilter.doFilterInternal(RequestContextFilter.java:100)
	at org.springframework.web.filter.OncePerRequestFilter.doFilter(OncePerRequestFilter.java:119)
	at org.apache.catalina.core.ApplicationFilterChain.internalDoFilter(ApplicationFilterChain.java:193)
	at org.apache.catalina.core.ApplicationFilterChain.doFilter(ApplicationFilterChain.java:166)
	at org.springframework.web.filter.FormContentFilter.doFilterInternal(FormContentFilter.java:93)
	at org.springframework.web.filter.OncePerRequestFilter.doFilter(OncePerRequestFilter.java:119)
	at org.apache.catalina.core.ApplicationFilterChain.internalDoFilter(ApplicationFilterChain.java:193)
	at org.apache.catalina.core.ApplicationFilterChain.doFilter(ApplicationFilterChain.java:166)
	at org.springframework.web.filter.HiddenHttpMethodFilter.doFilterInternal(HiddenHttpMethodFilter.java:94)
	at org.springframework.web.filter.OncePerRequestFilter.doFilter(OncePerRequestFilter.java:119)
	at org.apache.catalina.core.ApplicationFilterChain.internalDoFilter(ApplicationFilterChain.java:193)
	at org.apache.catalina.core.ApplicationFilterChain.doFilter(ApplicationFilterChain.java:166)
	at org.springframework.web.filter.CharacterEncodingFilter.doFilterInternal(CharacterEncodingFilter.java:201)
	at org.springframework.web.filter.OncePerRequestFilter.doFilter(OncePerRequestFilter.java:119)
	at org.apache.catalina.core.ApplicationFilterChain.internalDoFilter(ApplicationFilterChain.java:193)
	at org.apache.catalina.core.ApplicationFilterChain.doFilter(ApplicationFilterChain.java:166)
	at org.apache.catalina.core.StandardWrapperValve.invoke(StandardWrapperValve.java:202)
	at org.apache.catalina.core.StandardContextValve.invoke(StandardContextValve.java:96)
	at org.apache.catalina.authenticator.AuthenticatorBase.invoke(AuthenticatorBase.java:526)
	at org.apache.catalina.core.StandardHostValve.invoke(StandardHostValve.java:139)
	at org.apache.catalina.valves.ErrorReportValve.invoke(ErrorReportValve.java:92)
	at org.apache.catalina.core.StandardEngineValve.invoke(StandardEngineValve.java:74)
	at org.apache.catalina.connector.CoyoteAdapter.service(CoyoteAdapter.java:343)
	at org.apache.coyote.http11.Http11Processor.service(Http11Processor.java:408)
	at org.apache.coyote.AbstractProcessorLight.process(AbstractProcessorLight.java:66)
	at org.apache.coyote.AbstractProtocol$ConnectionHandler.process(AbstractProtocol.java:860)
	at org.apache.tomcat.util.net.NioEndpoint$SocketProcessor.doRun(NioEndpoint.java:1589)
	at org.apache.tomcat.util.net.SocketProcessorBase.run(SocketProcessorBase.java:49)
	at java.util.concurrent.ThreadPoolExecutor.runWorker(ThreadPoolExecutor.java:1142)
	at java.util.concurrent.ThreadPoolExecutor$Worker.run(ThreadPoolExecutor.java:617)
	at org.apache.tomcat.util.threads.TaskThread$WrappingRunnable.run(TaskThread.java:61)
	at java.lang.Thread.run(Thread.java:745)
2020-03-25 08:18:58.537 [restartedMain] INFO  com.wxinnb.maomao.MaomaoApplication - Starting MaomaoApplication on DESKTOP-18EH1AM with PID 21980 (D:\IdeaProjects\maomao\target\classes started by wx in D:\IdeaProjects\maomao)
2020-03-25 08:18:58.541 [restartedMain] INFO  com.wxinnb.maomao.MaomaoApplication - The following profiles are active: dev
2020-03-25 08:19:02.126 [MLog-Init-Reporter] INFO  com.mchange.v2.log.MLog - MLog clients using slf4j logging.
2020-03-25 08:19:02.175 [restartedMain] INFO  com.mchange.v2.c3p0.C3P0Registry - Initializing c3p0-0.9.5.2 [built 08-December-2015 22:06:04 -0800; debug? true; trace: 10]
2020-03-25 08:19:02.504 [restartedMain] INFO  com.mchange.v2.c3p0.impl.AbstractPoolBackedDataSource - Initializing c3p0 pool... com.mchange.v2.c3p0.ComboPooledDataSource [ acquireIncrement -> 3, acquireRetryAttempts -> 30, acquireRetryDelay -> 1000, autoCommitOnClose -> false, automaticTestTable -> null, breakAfterAcquireFailure -> false, checkoutTimeout -> 0, connectionCustomizerClassName -> null, connectionTesterClassName -> com.mchange.v2.c3p0.impl.DefaultConnectionTester, contextClassLoaderSource -> caller, dataSourceName -> 1hge51da946eb2p18sunln|580df77f, debugUnreturnedConnectionStackTraces -> false, description -> null, driverClass -> null, extensions -> {}, factoryClassLocation -> null, forceIgnoreUnresolvedTransactions -> false, forceSynchronousCheckins -> false, forceUseNamedDriverClass -> false, identityToken -> 1hge51da946eb2p18sunln|580df77f, idleConnectionTestPeriod -> 0, initialPoolSize -> 3, jdbcUrl -> jdbc:mysql://47.97.210.197/maomao?useUnicode=true&characterEncoding=UTF8&useSSL=true&serverTimezone=GMT%2B8, maxAdministrativeTaskTime -> 0, maxConnectionAge -> 0, maxIdleTime -> 0, maxIdleTimeExcessConnections -> 0, maxPoolSize -> 15, maxStatements -> 0, maxStatementsPerConnection -> 0, minPoolSize -> 3, numHelperThreads -> 3, preferredTestQuery -> null, privilegeSpawnedThreads -> false, properties -> {user=******, password=******}, propertyCycle -> 0, statementCacheNumDeferredCloseThreads -> 0, testConnectionOnCheckin -> false, testConnectionOnCheckout -> false, unreturnedConnectionTimeout -> 0, userOverrides -> {}, usesTraditionalReflectiveProxies -> false ]
2020-03-25 08:19:08.523 [restartedMain] DEBUG org.hibernate.SQL - select resource0_.id as id1_6_, resource0_.create_time as create_t2_6_, resource0_.description as descript3_6_, resource0_.icon as icon4_6_, resource0_.is_hide as is_hide5_6_, resource0_.level as level6_6_, resource0_.name as name7_6_, resource0_.parent_id as parent_13_6_, resource0_.sort as sort8_6_, resource0_.source_key as source_k9_6_, resource0_.source_url as source_10_6_, resource0_.type as type11_6_, resource0_.update_time as update_12_6_ from tb_resource resource0_
2020-03-25 08:19:09.284 [restartedMain] INFO  org.apache.coyote.http11.Http11NioProtocol - Initializing ProtocolHandler ["http-nio-8080"]
2020-03-25 08:19:09.298 [restartedMain] INFO  org.apache.catalina.core.StandardService - Starting service [Tomcat]
2020-03-25 08:19:09.298 [restartedMain] INFO  org.apache.catalina.core.StandardEngine - Starting Servlet engine: [Apache Tomcat/9.0.26]
2020-03-25 08:19:09.640 [restartedMain] INFO  org.apache.catalina.core.ContainerBase.[Tomcat].[localhost].[/] - Initializing Spring embedded WebApplicationContext
2020-03-25 08:19:11.933 [restartedMain] INFO  org.apache.coyote.http11.Http11NioProtocol - Starting ProtocolHandler ["http-nio-8080"]
2020-03-25 08:19:11.973 [restartedMain] INFO  com.wxinnb.maomao.MaomaoApplication - Started MaomaoApplication in 14.353 seconds (JVM running for 18.764)
2020-03-25 08:19:17.162 [http-nio-8080-exec-1] INFO  org.apache.catalina.core.ContainerBase.[Tomcat].[localhost].[/] - Initializing Spring DispatcherServlet 'dispatcherServlet'
2020-03-25 08:19:17.396 [http-nio-8080-exec-1] DEBUG org.hibernate.SQL - select address0_.id as id1_3_, address0_.address as address2_3_, address0_.gender as gender3_3_, address0_.name as name4_3_, address0_.open_id as open_id5_3_, address0_.phone as phone6_3_ from tb_address address0_ where address0_.open_id=?
2020-03-25 08:19:30.356 [http-nio-8080-exec-2] DEBUG org.hibernate.SQL - select address0_.id as id1_3_, address0_.address as address2_3_, address0_.gender as gender3_3_, address0_.name as name4_3_, address0_.open_id as open_id5_3_, address0_.phone as phone6_3_ from tb_address address0_ where address0_.open_id=?
2020-03-25 08:19:58.940 [http-nio-8080-exec-3] DEBUG org.hibernate.SQL - select address0_.id as id1_3_, address0_.address as address2_3_, address0_.gender as gender3_3_, address0_.name as name4_3_, address0_.open_id as open_id5_3_, address0_.phone as phone6_3_ from tb_address address0_ where address0_.open_id=?
2020-03-25 08:21:01.336 [http-nio-8080-exec-5] DEBUG org.hibernate.SQL - select address0_.id as id1_3_, address0_.address as address2_3_, address0_.gender as gender3_3_, address0_.name as name4_3_, address0_.open_id as open_id5_3_, address0_.phone as phone6_3_ from tb_address address0_ where address0_.open_id=?
2020-03-25 08:21:38.279 [restartedMain] INFO  com.wxinnb.maomao.MaomaoApplication - Starting MaomaoApplication on DESKTOP-18EH1AM with PID 21980 (D:\IdeaProjects\maomao\target\classes started by wx in D:\IdeaProjects\maomao)
2020-03-25 08:21:38.279 [restartedMain] INFO  com.wxinnb.maomao.MaomaoApplication - The following profiles are active: dev
2020-03-25 08:21:39.591 [restartedMain] INFO  com.mchange.v2.c3p0.impl.AbstractPoolBackedDataSource - Initializing c3p0 pool... com.mchange.v2.c3p0.ComboPooledDataSource [ acquireIncrement -> 3, acquireRetryAttempts -> 30, acquireRetryDelay -> 1000, autoCommitOnClose -> false, automaticTestTable -> null, breakAfterAcquireFailure -> false, checkoutTimeout -> 0, connectionCustomizerClassName -> null, connectionTesterClassName -> com.mchange.v2.c3p0.impl.DefaultConnectionTester, contextClassLoaderSource -> caller, dataSourceName -> 1hge51da946eb2p18sunln|127d43a4, debugUnreturnedConnectionStackTraces -> false, description -> null, driverClass -> null, extensions -> {}, factoryClassLocation -> null, forceIgnoreUnresolvedTransactions -> false, forceSynchronousCheckins -> false, forceUseNamedDriverClass -> false, identityToken -> 1hge51da946eb2p18sunln|127d43a4, idleConnectionTestPeriod -> 0, initialPoolSize -> 3, jdbcUrl -> jdbc:mysql://47.97.210.197/maomao?useUnicode=true&characterEncoding=UTF8&useSSL=true&serverTimezone=GMT%2B8, maxAdministrativeTaskTime -> 0, maxConnectionAge -> 0, maxIdleTime -> 0, maxIdleTimeExcessConnections -> 0, maxPoolSize -> 15, maxStatements -> 0, maxStatementsPerConnection -> 0, minPoolSize -> 3, numHelperThreads -> 3, preferredTestQuery -> null, privilegeSpawnedThreads -> false, properties -> {user=******, password=******}, propertyCycle -> 0, statementCacheNumDeferredCloseThreads -> 0, testConnectionOnCheckin -> false, testConnectionOnCheckout -> false, unreturnedConnectionTimeout -> 0, userOverrides -> {}, usesTraditionalReflectiveProxies -> false ]
2020-03-25 08:21:41.544 [restartedMain] DEBUG org.hibernate.SQL - select resource0_.id as id1_6_, resource0_.create_time as create_t2_6_, resource0_.description as descript3_6_, resource0_.icon as icon4_6_, resource0_.is_hide as is_hide5_6_, resource0_.level as level6_6_, resource0_.name as name7_6_, resource0_.parent_id as parent_13_6_, resource0_.sort as sort8_6_, resource0_.source_key as source_k9_6_, resource0_.source_url as source_10_6_, resource0_.type as type11_6_, resource0_.update_time as update_12_6_ from tb_resource resource0_
2020-03-25 08:21:41.999 [restartedMain] INFO  org.apache.coyote.http11.Http11NioProtocol - Initializing ProtocolHandler ["http-nio-8080"]
2020-03-25 08:21:41.999 [restartedMain] INFO  org.apache.catalina.core.StandardService - Starting service [Tomcat]
2020-03-25 08:21:42.000 [restartedMain] INFO  org.apache.catalina.core.StandardEngine - Starting Servlet engine: [Apache Tomcat/9.0.26]
2020-03-25 08:21:42.071 [restartedMain] INFO  org.apache.catalina.core.ContainerBase.[Tomcat].[localhost].[/] - Initializing Spring embedded WebApplicationContext
2020-03-25 08:21:43.862 [restartedMain] INFO  org.apache.coyote.http11.Http11NioProtocol - Starting ProtocolHandler ["http-nio-8080"]
2020-03-25 08:21:43.870 [restartedMain] INFO  com.wxinnb.maomao.MaomaoApplication - Started MaomaoApplication in 5.668 seconds (JVM running for 170.662)
2020-03-25 08:22:02.157 [http-nio-8080-exec-1] INFO  org.apache.catalina.core.ContainerBase.[Tomcat].[localhost].[/] - Initializing Spring DispatcherServlet 'dispatcherServlet'
2020-03-25 08:22:02.175 [http-nio-8080-exec-1] DEBUG org.hibernate.SQL - select address0_.id as id1_3_, address0_.address as address2_3_, address0_.gender as gender3_3_, address0_.name as name4_3_, address0_.open_id as open_id5_3_, address0_.phone as phone6_3_ from tb_address address0_ where address0_.open_id=?
2020-03-25 08:22:56.989 [restartedMain] INFO  com.wxinnb.maomao.MaomaoApplication - Starting MaomaoApplication on DESKTOP-18EH1AM with PID 6016 (D:\IdeaProjects\maomao\target\classes started by wx in D:\IdeaProjects\maomao)
2020-03-25 08:22:56.993 [restartedMain] INFO  com.wxinnb.maomao.MaomaoApplication - The following profiles are active: dev
2020-03-25 08:22:59.986 [MLog-Init-Reporter] INFO  com.mchange.v2.log.MLog - MLog clients using slf4j logging.
2020-03-25 08:23:00.050 [restartedMain] INFO  com.mchange.v2.c3p0.C3P0Registry - Initializing c3p0-0.9.5.2 [built 08-December-2015 22:06:04 -0800; debug? true; trace: 10]
2020-03-25 08:23:00.412 [restartedMain] INFO  com.mchange.v2.c3p0.impl.AbstractPoolBackedDataSource - Initializing c3p0 pool... com.mchange.v2.c3p0.ComboPooledDataSource [ acquireIncrement -> 3, acquireRetryAttempts -> 30, acquireRetryDelay -> 1000, autoCommitOnClose -> false, automaticTestTable -> null, breakAfterAcquireFailure -> false, checkoutTimeout -> 0, connectionCustomizerClassName -> null, connectionTesterClassName -> com.mchange.v2.c3p0.impl.DefaultConnectionTester, contextClassLoaderSource -> caller, dataSourceName -> 1hge51da946jem6591nnx|57ce38d5, debugUnreturnedConnectionStackTraces -> false, description -> null, driverClass -> null, extensions -> {}, factoryClassLocation -> null, forceIgnoreUnresolvedTransactions -> false, forceSynchronousCheckins -> false, forceUseNamedDriverClass -> false, identityToken -> 1hge51da946jem6591nnx|57ce38d5, idleConnectionTestPeriod -> 0, initialPoolSize -> 3, jdbcUrl -> jdbc:mysql://47.97.210.197/maomao?useUnicode=true&characterEncoding=UTF8&useSSL=true&serverTimezone=GMT%2B8, maxAdministrativeTaskTime -> 0, maxConnectionAge -> 0, maxIdleTime -> 0, maxIdleTimeExcessConnections -> 0, maxPoolSize -> 15, maxStatements -> 0, maxStatementsPerConnection -> 0, minPoolSize -> 3, numHelperThreads -> 3, preferredTestQuery -> null, privilegeSpawnedThreads -> false, properties -> {user=******, password=******}, propertyCycle -> 0, statementCacheNumDeferredCloseThreads -> 0, testConnectionOnCheckin -> false, testConnectionOnCheckout -> false, unreturnedConnectionTimeout -> 0, userOverrides -> {}, usesTraditionalReflectiveProxies -> false ]
2020-03-25 08:23:05.392 [restartedMain] DEBUG org.hibernate.SQL - select resource0_.id as id1_6_, resource0_.create_time as create_t2_6_, resource0_.description as descript3_6_, resource0_.icon as icon4_6_, resource0_.is_hide as is_hide5_6_, resource0_.level as level6_6_, resource0_.name as name7_6_, resource0_.parent_id as parent_13_6_, resource0_.sort as sort8_6_, resource0_.source_key as source_k9_6_, resource0_.source_url as source_10_6_, resource0_.type as type11_6_, resource0_.update_time as update_12_6_ from tb_resource resource0_
2020-03-25 08:23:06.263 [restartedMain] INFO  org.apache.coyote.http11.Http11NioProtocol - Initializing ProtocolHandler ["http-nio-8080"]
2020-03-25 08:23:06.280 [restartedMain] INFO  org.apache.catalina.core.StandardService - Starting service [Tomcat]
2020-03-25 08:23:06.281 [restartedMain] INFO  org.apache.catalina.core.StandardEngine - Starting Servlet engine: [Apache Tomcat/9.0.26]
2020-03-25 08:23:06.620 [restartedMain] INFO  org.apache.catalina.core.ContainerBase.[Tomcat].[localhost].[/] - Initializing Spring embedded WebApplicationContext
2020-03-25 08:23:09.635 [restartedMain] INFO  org.apache.coyote.http11.Http11NioProtocol - Starting ProtocolHandler ["http-nio-8080"]
2020-03-25 08:23:09.692 [restartedMain] INFO  com.wxinnb.maomao.MaomaoApplication - Started MaomaoApplication in 13.68 seconds (JVM running for 17.473)
2020-03-25 08:23:40.080 [http-nio-8080-exec-1] INFO  org.apache.catalina.core.ContainerBase.[Tomcat].[localhost].[/] - Initializing Spring DispatcherServlet 'dispatcherServlet'
2020-03-25 08:23:40.286 [http-nio-8080-exec-1] DEBUG org.hibernate.SQL - select address0_.id as id1_3_, address0_.address as address2_3_, address0_.gender as gender3_3_, address0_.name as name4_3_, address0_.open_id as open_id5_3_, address0_.phone as phone6_3_ from tb_address address0_ where address0_.open_id=?
2020-03-25 08:23:44.283 [http-nio-8080-exec-2] DEBUG org.hibernate.SQL - select address0_.id as id1_3_0_, address0_.address as address2_3_0_, address0_.gender as gender3_3_0_, address0_.name as name4_3_0_, address0_.open_id as open_id5_3_0_, address0_.phone as phone6_3_0_ from tb_address address0_ where address0_.id=?
2020-03-25 08:23:44.364 [http-nio-8080-exec-2] DEBUG org.hibernate.SQL - delete from tb_address where id=?
2020-03-25 08:23:44.457 [http-nio-8080-exec-2] DEBUG org.hibernate.SQL - select address0_.id as id1_3_, address0_.address as address2_3_, address0_.gender as gender3_3_, address0_.name as name4_3_, address0_.open_id as open_id5_3_, address0_.phone as phone6_3_ from tb_address address0_ where address0_.open_id=?
2020-03-25 08:24:03.528 [http-nio-8080-exec-3] DEBUG org.hibernate.SQL - select address0_.id as id1_3_0_, address0_.address as address2_3_0_, address0_.gender as gender3_3_0_, address0_.name as name4_3_0_, address0_.open_id as open_id5_3_0_, address0_.phone as phone6_3_0_ from tb_address address0_ where address0_.id=?
2020-03-25 08:24:03.555 [http-nio-8080-exec-3] DEBUG org.hibernate.SQL - delete from tb_address where id=?
2020-03-25 08:24:03.642 [http-nio-8080-exec-3] DEBUG org.hibernate.SQL - select address0_.id as id1_3_, address0_.address as address2_3_, address0_.gender as gender3_3_, address0_.name as name4_3_, address0_.open_id as open_id5_3_, address0_.phone as phone6_3_ from tb_address address0_ where address0_.open_id=?
2020-03-25 08:24:05.519 [http-nio-8080-exec-4] DEBUG org.hibernate.SQL - select address0_.id as id1_3_0_, address0_.address as address2_3_0_, address0_.gender as gender3_3_0_, address0_.name as name4_3_0_, address0_.open_id as open_id5_3_0_, address0_.phone as phone6_3_0_ from tb_address address0_ where address0_.id=?
2020-03-25 08:24:05.554 [http-nio-8080-exec-4] DEBUG org.hibernate.SQL - delete from tb_address where id=?
2020-03-25 08:24:05.632 [http-nio-8080-exec-4] DEBUG org.hibernate.SQL - select address0_.id as id1_3_, address0_.address as address2_3_, address0_.gender as gender3_3_, address0_.name as name4_3_, address0_.open_id as open_id5_3_, address0_.phone as phone6_3_ from tb_address address0_ where address0_.open_id=?
