2019-11-25 16:32:14.126 [restartedMain] INFO  com.wxinnb.maomao.MaomaoApplication - Starting MaomaoApplication on DESKTOP-18EH1AM with PID 15424 (D:\IdeaProjects\maomao\target\classes started by wx in D:\IdeaProjects\maomao)
2019-11-25 16:32:14.149 [restartedMain] DEBUG com.wxinnb.maomao.MaomaoApplication - Running with Spring Boot v2.1.9.RELEASE, Spring v5.1.10.RELEASE
2019-11-25 16:32:14.150 [restartedMain] INFO  com.wxinnb.maomao.MaomaoApplication - The following profiles are active: dev
2019-11-25 16:32:19.830 [MLog-Init-Reporter] INFO  com.mchange.v2.log.MLog - MLog clients using slf4j logging.
2019-11-25 16:32:19.843 [MLog-Init-Reporter] DEBUG com.mchange.v2.log.MLog - Reading VM config for path list /com/mchange/v2/log/default-mchange-log.properties, /mchange-commons.properties, /c3p0.properties, hocon:/reference,/application,/c3p0,/, /mchange-log.properties, /
2019-11-25 16:32:19.843 [MLog-Init-Reporter] DEBUG com.mchange.v2.log.MLog - The configuration file for resource identifier '/mchange-commons.properties' could not be found. Skipping.
2019-11-25 16:32:19.843 [MLog-Init-Reporter] DEBUG com.mchange.v2.log.MLog - The configuration file for resource identifier '/c3p0.properties' could not be found. Skipping.
2019-11-25 16:32:19.843 [MLog-Init-Reporter] DEBUG com.mchange.v2.log.MLog - The configuration file for resource identifier 'hocon:/reference,/application,/c3p0,/' could not be found. Skipping.
2019-11-25 16:32:19.844 [MLog-Init-Reporter] DEBUG com.mchange.v2.log.MLog - The configuration file for resource identifier '/mchange-log.properties' could not be found. Skipping.
2019-11-25 16:32:19.847 [restartedMain] DEBUG com.mchange.v2.cfg.MConfig - The configuration file for resource identifier '/mchange-commons.properties' could not be found. Skipping.
2019-11-25 16:32:19.847 [restartedMain] DEBUG com.mchange.v2.cfg.MConfig - The configuration file for resource identifier '/mchange-log.properties' could not be found. Skipping.
2019-11-25 16:32:19.847 [restartedMain] DEBUG com.mchange.v2.cfg.MConfig - The configuration file for resource identifier 'hocon:/reference,/application,/c3p0,/' could not be found. Skipping.
2019-11-25 16:32:19.847 [restartedMain] DEBUG com.mchange.v2.cfg.MConfig - The configuration file for resource identifier '/c3p0.properties' could not be found. Skipping.
2019-11-25 16:32:19.881 [restartedMain] INFO  com.mchange.v2.c3p0.C3P0Registry - Initializing c3p0-0.9.5.2 [built 08-December-2015 22:06:04 -0800; debug? true; trace: 10]
2019-11-25 16:32:19.905 [restartedMain] DEBUG com.mchange.v2.c3p0.management.DynamicPooledDataSourceManagerMBean - MBean: com.mchange.v2.c3p0:type=PooledDataSource,identityToken=1hge51da618v2s2k1lcywio|4c1ef28d,name=1hge51da618v2s2k1lcywio|4c1ef28d registered.
2019-11-25 16:32:19.941 [restartedMain] DEBUG com.mchange.v2.c3p0.management.DynamicPooledDataSourceManagerMBean - MBean: com.mchange.v2.c3p0:type=PooledDataSource,identityToken=1hge51da618v2s2k1lcywio|4c1ef28d,name=1hge51da618v2s2k1lcywio|4c1ef28d unregistered, in order to be reregistered after update.
2019-11-25 16:32:19.941 [restartedMain] DEBUG com.mchange.v2.c3p0.management.DynamicPooledDataSourceManagerMBean - MBean: com.mchange.v2.c3p0:type=PooledDataSource,identityToken=1hge51da618v2s2k1lcywio|4c1ef28d,name=1hge51da618v2s2k1lcywio|4c1ef28d registered.
2019-11-25 16:32:20.375 [restartedMain] INFO  com.mchange.v2.c3p0.impl.AbstractPoolBackedDataSource - Initializing c3p0 pool... com.mchange.v2.c3p0.ComboPooledDataSource [ acquireIncrement -> 3, acquireRetryAttempts -> 30, acquireRetryDelay -> 1000, autoCommitOnClose -> false, automaticTestTable -> null, breakAfterAcquireFailure -> false, checkoutTimeout -> 0, connectionCustomizerClassName -> null, connectionTesterClassName -> com.mchange.v2.c3p0.impl.DefaultConnectionTester, contextClassLoaderSource -> caller, dataSourceName -> 1hge51da618v2s2k1lcywio|4c1ef28d, debugUnreturnedConnectionStackTraces -> false, description -> null, driverClass -> null, extensions -> {}, factoryClassLocation -> null, forceIgnoreUnresolvedTransactions -> false, forceSynchronousCheckins -> false, forceUseNamedDriverClass -> false, identityToken -> 1hge51da618v2s2k1lcywio|4c1ef28d, idleConnectionTestPeriod -> 0, initialPoolSize -> 3, jdbcUrl -> jdbc:mysql://47.97.210.197/maomao?useUnicode=true&characterEncoding=UTF8&useSSL=true&serverTimezone=GMT%2B8, maxAdministrativeTaskTime -> 0, maxConnectionAge -> 0, maxIdleTime -> 0, maxIdleTimeExcessConnections -> 0, maxPoolSize -> 15, maxStatements -> 0, maxStatementsPerConnection -> 0, minPoolSize -> 3, numHelperThreads -> 3, preferredTestQuery -> null, privilegeSpawnedThreads -> false, properties -> {user=******, password=******}, propertyCycle -> 0, statementCacheNumDeferredCloseThreads -> 0, testConnectionOnCheckin -> false, testConnectionOnCheckout -> false, unreturnedConnectionTimeout -> 0, userOverrides -> {}, usesTraditionalReflectiveProxies -> false ]
2019-11-25 16:32:20.392 [restartedMain] DEBUG com.mchange.v2.cfg.MConfig - The configuration file for resource identifier '/mchange-commons.properties' could not be found. Skipping.
2019-11-25 16:32:20.392 [restartedMain] DEBUG com.mchange.v2.cfg.MConfig - The configuration file for resource identifier '/mchange-log.properties' could not be found. Skipping.
2019-11-25 16:32:20.392 [restartedMain] DEBUG com.mchange.v2.cfg.MConfig - The configuration file for resource identifier '/c3p0.properties' could not be found. Skipping.
2019-11-25 16:32:20.392 [restartedMain] DEBUG com.mchange.v2.cfg.MConfig - The configuration file for resource identifier 'hocon:/reference,/application,/c3p0,/' could not be found. Skipping.
2019-11-25 16:32:20.393 [restartedMain] DEBUG com.mchange.v2.resourcepool.BasicResourcePool - com.mchange.v2.resourcepool.BasicResourcePool@4e8a3340 config: [start -> 3; min -> 3; max -> 15; inc -> 3; num_acq_attempts -> 30; acq_attempt_delay -> 1000; check_idle_resources_delay -> 0; max_resource_age -> 0; max_idle_time -> 0; excess_max_idle_time -> 0; destroy_unreturned_resc_time -> 0; expiration_enforcement_delay -> 0; break_on_acquisition_failure -> false; debug_store_checkout_exceptions -> false; force_synchronous_checkins -> false]
2019-11-25 16:32:20.394 [restartedMain] DEBUG com.mchange.v2.c3p0.impl.C3P0PooledConnectionPoolManager - Created new pool for auth, username (masked): 'ro******'.
2019-11-25 16:32:20.394 [restartedMain] DEBUG com.mchange.v2.resourcepool.BasicResourcePool - acquire test -- pool size: 0; target_pool_size: 3; desired target? 1
2019-11-25 16:32:20.394 [restartedMain] DEBUG com.mchange.v2.resourcepool.BasicResourcePool - awaitAvailable(): [unknown]
2019-11-25 16:32:26.904 [restartedMain] DEBUG org.hibernate.SQL - create table hibernate_sequence (next_val bigint) ENGINE=InnoDB DEFAULT CHARSET=utf8
2019-11-25 16:32:27.069 [restartedMain] DEBUG org.hibernate.SQL - insert into hibernate_sequence values ( 1 )
2019-11-25 16:32:27.170 [restartedMain] DEBUG org.hibernate.SQL - insert into hibernate_sequence values ( 1 )
2019-11-25 16:32:27.279 [restartedMain] DEBUG org.hibernate.SQL - insert into hibernate_sequence values ( 1 )
2019-11-25 16:32:27.391 [restartedMain] DEBUG org.hibernate.SQL - insert into hibernate_sequence values ( 1 )
2019-11-25 16:32:27.518 [restartedMain] DEBUG org.hibernate.SQL - insert into hibernate_sequence values ( 1 )
2019-11-25 16:32:27.623 [restartedMain] DEBUG org.hibernate.SQL - insert into hibernate_sequence values ( 1 )
2019-11-25 16:32:27.743 [restartedMain] DEBUG org.hibernate.SQL - create table t_details (roll_pic_id integer not null, pic varchar(255), product_id integer, primary key (roll_pic_id)) ENGINE=InnoDB DEFAULT CHARSET=utf8
2019-11-25 16:32:27.879 [restartedMain] DEBUG org.hibernate.SQL - create table t_product (product_id integer not null, min_price varchar(255), name varchar(255), number_good_reputation integer not null, number_orders integer not null, original_price varchar(255), pic varchar(255), state integer not null, primary key (product_id)) ENGINE=InnoDB DEFAULT CHARSET=utf8
2019-11-25 16:32:28.044 [restartedMain] DEBUG org.hibernate.SQL - create table t_roll_pic (roll_pic_id integer not null, pic varchar(255), product_id integer, primary key (roll_pic_id)) ENGINE=InnoDB DEFAULT CHARSET=utf8
2019-11-25 16:32:28.203 [restartedMain] DEBUG org.hibernate.SQL - create table tb_resource (id integer not null, create_time datetime, description varchar(255), icon varchar(255), is_hide integer, level integer, name varchar(255), sort integer, source_key varchar(255), source_url varchar(255), type integer, update_time datetime, parent_id integer, primary key (id)) ENGINE=InnoDB DEFAULT CHARSET=utf8
2019-11-25 16:32:28.330 [restartedMain] DEBUG org.hibernate.SQL - create table tb_role (id integer not null, create_time datetime, description varchar(255), name varchar(255), role_key varchar(255), status integer, update_time datetime, primary key (id)) ENGINE=InnoDB DEFAULT CHARSET=utf8
2019-11-25 16:32:28.462 [restartedMain] DEBUG org.hibernate.SQL - create table tb_role_resource (role_id integer not null, resource_id integer not null, primary key (role_id, resource_id)) ENGINE=InnoDB DEFAULT CHARSET=utf8
2019-11-25 16:32:28.583 [restartedMain] DEBUG org.hibernate.SQL - create table tb_user (id integer not null, create_time datetime, delete_status integer, description varchar(255), locked integer, nick_name varchar(255), password varchar(255), sex integer, update_time datetime, user_name varchar(255), primary key (id)) ENGINE=InnoDB DEFAULT CHARSET=utf8
2019-11-25 16:32:28.724 [restartedMain] DEBUG org.hibernate.SQL - create table tb_user_role (user_id integer not null, role_id integer not null, primary key (user_id, role_id)) ENGINE=InnoDB DEFAULT CHARSET=utf8
2019-11-25 16:32:28.859 [restartedMain] DEBUG org.hibernate.SQL - alter table tb_resource add constraint FKf5ra2gn0xedeida2op8097sr5 foreign key (parent_id) references tb_resource (id)
2019-11-25 16:32:29.035 [restartedMain] DEBUG org.hibernate.SQL - alter table tb_role_resource add constraint FK868kc8iic48ilv5npa80ut6qo foreign key (resource_id) references tb_resource (id)
2019-11-25 16:32:29.182 [restartedMain] DEBUG org.hibernate.SQL - alter table tb_role_resource add constraint FK7ffc7h6obqxflhj1aq1mk20jk foreign key (role_id) references tb_role (id)
2019-11-25 16:32:29.333 [restartedMain] DEBUG org.hibernate.SQL - alter table tb_user_role add constraint FKea2ootw6b6bb0xt3ptl28bymv foreign key (role_id) references tb_role (id)
2019-11-25 16:32:29.527 [restartedMain] DEBUG org.hibernate.SQL - alter table tb_user_role add constraint FK7vn3h53d0tqdimm8cp45gc0kl foreign key (user_id) references tb_user (id)
2019-11-25 16:32:31.139 [restartedMain] DEBUG org.hibernate.SQL - select resource0_.id as id1_3_, resource0_.create_time as create_t2_3_, resource0_.description as descript3_3_, resource0_.icon as icon4_3_, resource0_.is_hide as is_hide5_3_, resource0_.level as level6_3_, resource0_.name as name7_3_, resource0_.parent_id as parent_13_3_, resource0_.sort as sort8_3_, resource0_.source_key as source_k9_3_, resource0_.source_url as source_10_3_, resource0_.type as type11_3_, resource0_.update_time as update_12_3_ from tb_resource resource0_
2019-11-25 16:32:32.501 [restartedMain] INFO  org.apache.coyote.http11.Http11NioProtocol - Initializing ProtocolHandler ["http-nio-80"]
2019-11-25 16:32:32.534 [restartedMain] INFO  org.apache.catalina.core.StandardService - Starting service [Tomcat]
2019-11-25 16:32:32.535 [restartedMain] INFO  org.apache.catalina.core.StandardEngine - Starting Servlet engine: [Apache Tomcat/9.0.26]
2019-11-25 16:32:32.895 [restartedMain] INFO  org.apache.catalina.core.ContainerBase.[Tomcat].[localhost].[/] - Initializing Spring embedded WebApplicationContext
2019-11-25 16:32:35.553 [restartedMain] INFO  org.apache.coyote.http11.Http11NioProtocol - Starting ProtocolHandler ["http-nio-80"]
2019-11-25 16:32:35.590 [restartedMain] INFO  com.wxinnb.maomao.MaomaoApplication - Started MaomaoApplication in 23.438 seconds (JVM running for 31.608)
2019-11-25 16:44:38.207 [restartedMain] INFO  com.wxinnb.maomao.MaomaoApplication - Starting MaomaoApplication on DESKTOP-18EH1AM with PID 49276 (D:\IdeaProjects\maomao\target\classes started by wx in D:\IdeaProjects\maomao)
2019-11-25 16:44:38.213 [restartedMain] DEBUG com.wxinnb.maomao.MaomaoApplication - Running with Spring Boot v2.1.9.RELEASE, Spring v5.1.10.RELEASE
2019-11-25 16:44:38.214 [restartedMain] INFO  com.wxinnb.maomao.MaomaoApplication - The following profiles are active: dev
2019-11-25 16:44:40.346 [MLog-Init-Reporter] INFO  com.mchange.v2.log.MLog - MLog clients using slf4j logging.
2019-11-25 16:44:40.351 [MLog-Init-Reporter] DEBUG com.mchange.v2.log.MLog - Reading VM config for path list /com/mchange/v2/log/default-mchange-log.properties, /mchange-commons.properties, /c3p0.properties, hocon:/reference,/application,/c3p0,/, /mchange-log.properties, /
2019-11-25 16:44:40.351 [MLog-Init-Reporter] DEBUG com.mchange.v2.log.MLog - The configuration file for resource identifier '/mchange-commons.properties' could not be found. Skipping.
2019-11-25 16:44:40.352 [MLog-Init-Reporter] DEBUG com.mchange.v2.log.MLog - The configuration file for resource identifier '/c3p0.properties' could not be found. Skipping.
2019-11-25 16:44:40.352 [MLog-Init-Reporter] DEBUG com.mchange.v2.log.MLog - The configuration file for resource identifier 'hocon:/reference,/application,/c3p0,/' could not be found. Skipping.
2019-11-25 16:44:40.352 [MLog-Init-Reporter] DEBUG com.mchange.v2.log.MLog - The configuration file for resource identifier '/mchange-log.properties' could not be found. Skipping.
2019-11-25 16:44:40.355 [restartedMain] DEBUG com.mchange.v2.cfg.MConfig - The configuration file for resource identifier '/mchange-commons.properties' could not be found. Skipping.
2019-11-25 16:44:40.355 [restartedMain] DEBUG com.mchange.v2.cfg.MConfig - The configuration file for resource identifier '/mchange-log.properties' could not be found. Skipping.
2019-11-25 16:44:40.355 [restartedMain] DEBUG com.mchange.v2.cfg.MConfig - The configuration file for resource identifier 'hocon:/reference,/application,/c3p0,/' could not be found. Skipping.
2019-11-25 16:44:40.355 [restartedMain] DEBUG com.mchange.v2.cfg.MConfig - The configuration file for resource identifier '/c3p0.properties' could not be found. Skipping.
2019-11-25 16:44:40.387 [restartedMain] INFO  com.mchange.v2.c3p0.C3P0Registry - Initializing c3p0-0.9.5.2 [built 08-December-2015 22:06:04 -0800; debug? true; trace: 10]
2019-11-25 16:44:40.410 [restartedMain] DEBUG com.mchange.v2.c3p0.management.DynamicPooledDataSourceManagerMBean - MBean: com.mchange.v2.c3p0:type=PooledDataSource,identityToken=1hge51da618ving8aejoic|2013002d,name=1hge51da618ving8aejoic|2013002d registered.
2019-11-25 16:44:40.429 [restartedMain] DEBUG com.mchange.v2.c3p0.management.DynamicPooledDataSourceManagerMBean - MBean: com.mchange.v2.c3p0:type=PooledDataSource,identityToken=1hge51da618ving8aejoic|2013002d,name=1hge51da618ving8aejoic|2013002d unregistered, in order to be reregistered after update.
2019-11-25 16:44:40.430 [restartedMain] DEBUG com.mchange.v2.c3p0.management.DynamicPooledDataSourceManagerMBean - MBean: com.mchange.v2.c3p0:type=PooledDataSource,identityToken=1hge51da618ving8aejoic|2013002d,name=1hge51da618ving8aejoic|2013002d registered.
2019-11-25 16:44:40.657 [restartedMain] INFO  com.mchange.v2.c3p0.impl.AbstractPoolBackedDataSource - Initializing c3p0 pool... com.mchange.v2.c3p0.ComboPooledDataSource [ acquireIncrement -> 3, acquireRetryAttempts -> 30, acquireRetryDelay -> 1000, autoCommitOnClose -> false, automaticTestTable -> null, breakAfterAcquireFailure -> false, checkoutTimeout -> 0, connectionCustomizerClassName -> null, connectionTesterClassName -> com.mchange.v2.c3p0.impl.DefaultConnectionTester, contextClassLoaderSource -> caller, dataSourceName -> 1hge51da618ving8aejoic|2013002d, debugUnreturnedConnectionStackTraces -> false, description -> null, driverClass -> null, extensions -> {}, factoryClassLocation -> null, forceIgnoreUnresolvedTransactions -> false, forceSynchronousCheckins -> false, forceUseNamedDriverClass -> false, identityToken -> 1hge51da618ving8aejoic|2013002d, idleConnectionTestPeriod -> 0, initialPoolSize -> 3, jdbcUrl -> jdbc:mysql://47.97.210.197/maomao?useUnicode=true&characterEncoding=UTF8&useSSL=true&serverTimezone=GMT%2B8, maxAdministrativeTaskTime -> 0, maxConnectionAge -> 0, maxIdleTime -> 0, maxIdleTimeExcessConnections -> 0, maxPoolSize -> 15, maxStatements -> 0, maxStatementsPerConnection -> 0, minPoolSize -> 3, numHelperThreads -> 3, preferredTestQuery -> null, privilegeSpawnedThreads -> false, properties -> {user=******, password=******}, propertyCycle -> 0, statementCacheNumDeferredCloseThreads -> 0, testConnectionOnCheckin -> false, testConnectionOnCheckout -> false, unreturnedConnectionTimeout -> 0, userOverrides -> {}, usesTraditionalReflectiveProxies -> false ]
2019-11-25 16:44:40.668 [restartedMain] DEBUG com.mchange.v2.cfg.MConfig - The configuration file for resource identifier '/mchange-commons.properties' could not be found. Skipping.
2019-11-25 16:44:40.669 [restartedMain] DEBUG com.mchange.v2.cfg.MConfig - The configuration file for resource identifier '/mchange-log.properties' could not be found. Skipping.
2019-11-25 16:44:40.669 [restartedMain] DEBUG com.mchange.v2.cfg.MConfig - The configuration file for resource identifier '/c3p0.properties' could not be found. Skipping.
2019-11-25 16:44:40.669 [restartedMain] DEBUG com.mchange.v2.cfg.MConfig - The configuration file for resource identifier 'hocon:/reference,/application,/c3p0,/' could not be found. Skipping.
2019-11-25 16:44:40.670 [restartedMain] DEBUG com.mchange.v2.resourcepool.BasicResourcePool - com.mchange.v2.resourcepool.BasicResourcePool@56035a2c config: [start -> 3; min -> 3; max -> 15; inc -> 3; num_acq_attempts -> 30; acq_attempt_delay -> 1000; check_idle_resources_delay -> 0; max_resource_age -> 0; max_idle_time -> 0; excess_max_idle_time -> 0; destroy_unreturned_resc_time -> 0; expiration_enforcement_delay -> 0; break_on_acquisition_failure -> false; debug_store_checkout_exceptions -> false; force_synchronous_checkins -> false]
2019-11-25 16:44:40.671 [restartedMain] DEBUG com.mchange.v2.c3p0.impl.C3P0PooledConnectionPoolManager - Created new pool for auth, username (masked): 'ro******'.
2019-11-25 16:44:40.671 [restartedMain] DEBUG com.mchange.v2.resourcepool.BasicResourcePool - acquire test -- pool size: 0; target_pool_size: 3; desired target? 1
2019-11-25 16:44:40.671 [restartedMain] DEBUG com.mchange.v2.resourcepool.BasicResourcePool - awaitAvailable(): [unknown]
2019-11-25 16:44:43.514 [restartedMain] DEBUG org.hibernate.SQL - create table t_roll_pic (roll_pic_id integer not null, pic varchar(255), product_id integer, primary key (roll_pic_id)) ENGINE=InnoDB DEFAULT CHARSET=utf8
2019-11-25 16:44:45.180 [restartedMain] DEBUG org.hibernate.SQL - select resource0_.id as id1_3_, resource0_.create_time as create_t2_3_, resource0_.description as descript3_3_, resource0_.icon as icon4_3_, resource0_.is_hide as is_hide5_3_, resource0_.level as level6_3_, resource0_.name as name7_3_, resource0_.parent_id as parent_13_3_, resource0_.sort as sort8_3_, resource0_.source_key as source_k9_3_, resource0_.source_url as source_10_3_, resource0_.type as type11_3_, resource0_.update_time as update_12_3_ from tb_resource resource0_
2019-11-25 16:44:45.932 [restartedMain] INFO  org.apache.coyote.http11.Http11NioProtocol - Initializing ProtocolHandler ["http-nio-80"]
2019-11-25 16:44:45.942 [restartedMain] INFO  org.apache.catalina.core.StandardService - Starting service [Tomcat]
2019-11-25 16:44:45.943 [restartedMain] INFO  org.apache.catalina.core.StandardEngine - Starting Servlet engine: [Apache Tomcat/9.0.26]
2019-11-25 16:44:46.182 [restartedMain] INFO  org.apache.catalina.core.ContainerBase.[Tomcat].[localhost].[/] - Initializing Spring embedded WebApplicationContext
2019-11-25 16:44:48.055 [restartedMain] INFO  org.apache.coyote.http11.Http11NioProtocol - Starting ProtocolHandler ["http-nio-80"]
2019-11-25 16:44:48.090 [restartedMain] INFO  com.wxinnb.maomao.MaomaoApplication - Started MaomaoApplication in 10.683 seconds (JVM running for 13.863)
2019-11-25 16:45:49.452 [http-nio-80-exec-1] INFO  org.apache.catalina.core.ContainerBase.[Tomcat].[localhost].[/] - Initializing Spring DispatcherServlet 'dispatcherServlet'
2019-11-25 16:45:57.565 [http-nio-80-exec-9] DEBUG org.hibernate.SQL - select user0_.id as id1_6_, user0_.create_time as create_t2_6_, user0_.delete_status as delete_s3_6_, user0_.description as descript4_6_, user0_.locked as locked5_6_, user0_.nick_name as nick_nam6_6_, user0_.password as password7_6_, user0_.sex as sex8_6_, user0_.update_time as update_t9_6_, user0_.user_name as user_na10_6_ from tb_user user0_ where user0_.user_name=?
2019-11-25 16:46:03.096 [http-nio-80-exec-4] DEBUG org.hibernate.SQL - select user0_.id as id1_6_, user0_.create_time as create_t2_6_, user0_.delete_status as delete_s3_6_, user0_.description as descript4_6_, user0_.locked as locked5_6_, user0_.nick_name as nick_nam6_6_, user0_.password as password7_6_, user0_.sex as sex8_6_, user0_.update_time as update_t9_6_, user0_.user_name as user_na10_6_ from tb_user user0_ where user0_.nick_name like ? escape ? limit ?
2019-11-25 16:46:03.220 [http-nio-80-exec-4] DEBUG org.hibernate.SQL - select roles0_.user_id as user_id1_7_0_, roles0_.role_id as role_id2_7_0_, role1_.id as id1_4_1_, role1_.create_time as create_t2_4_1_, role1_.description as descript3_4_1_, role1_.name as name4_4_1_, role1_.role_key as role_key5_4_1_, role1_.status as status6_4_1_, role1_.update_time as update_t7_4_1_ from tb_user_role roles0_ inner join tb_role role1_ on roles0_.role_id=role1_.id where roles0_.user_id=?
2019-11-25 16:46:03.265 [http-nio-80-exec-4] DEBUG org.hibernate.SQL - select resources0_.role_id as role_id1_5_0_, resources0_.resource_id as resource2_5_0_, resource1_.id as id1_3_1_, resource1_.create_time as create_t2_3_1_, resource1_.description as descript3_3_1_, resource1_.icon as icon4_3_1_, resource1_.is_hide as is_hide5_3_1_, resource1_.level as level6_3_1_, resource1_.name as name7_3_1_, resource1_.parent_id as parent_13_3_1_, resource1_.sort as sort8_3_1_, resource1_.source_key as source_k9_3_1_, resource1_.source_url as source_10_3_1_, resource1_.type as type11_3_1_, resource1_.update_time as update_12_3_1_ from tb_role_resource resources0_ inner join tb_resource resource1_ on resources0_.resource_id=resource1_.id where resources0_.role_id=?
2019-11-25 16:46:06.067 [http-nio-80-exec-7] DEBUG org.hibernate.SQL - select product0_.product_id as product_1_1_, product0_.min_price as min_pric2_1_, product0_.name as name3_1_, product0_.number_good_reputation as number_g4_1_, product0_.number_orders as number_o5_1_, product0_.original_price as original6_1_, product0_.pic as pic7_1_, product0_.state as state8_1_ from t_product product0_ where product0_.name like ? escape ? limit ?
2019-11-25 16:46:17.574 [http-nio-80-exec-1] DEBUG org.hibernate.SQL - select next_val as id_val from hibernate_sequence for update
2019-11-25 16:46:17.624 [http-nio-80-exec-1] DEBUG org.hibernate.SQL - update hibernate_sequence set next_val= ? where next_val=?
2019-11-25 16:46:17.825 [http-nio-80-exec-1] DEBUG org.hibernate.SQL - insert into t_product (min_price, name, number_good_reputation, number_orders, original_price, pic, state, product_id) values (?, ?, ?, ?, ?, ?, ?, ?)
2019-11-25 16:46:19.774 [http-nio-80-exec-6] DEBUG org.hibernate.SQL - select product0_.product_id as product_1_1_, product0_.min_price as min_pric2_1_, product0_.name as name3_1_, product0_.number_good_reputation as number_g4_1_, product0_.number_orders as number_o5_1_, product0_.original_price as original6_1_, product0_.pic as pic7_1_, product0_.state as state8_1_ from t_product product0_ where product0_.name like ? escape ? limit ?
2019-11-25 16:51:55.650 [Thread-33] DEBUG com.mchange.v2.c3p0.management.ActiveManagementCoordinator - MBean: com.mchange.v2.c3p0:type=PooledDataSource,identityToken=1hge51da618ving8aejoic|2013002d,name=1hge51da618ving8aejoic|2013002d unregistered.
2019-11-25 16:51:55.651 [Thread-33] DEBUG com.mchange.v2.c3p0.management.ActiveManagementCoordinator - C3P0Registry mbean unregistered.
2019-11-25 16:51:55.651 [Resource Destroyer in BasicResourcePool.close()] DEBUG com.mchange.v2.resourcepool.BasicResourcePool - Preparing to destroy resource: com.mchange.v2.c3p0.impl.NewPooledConnection@56bc9427
2019-11-25 16:51:55.651 [Resource Destroyer in BasicResourcePool.close()] DEBUG com.mchange.v2.c3p0.impl.C3P0PooledConnectionPool - Preparing to destroy PooledConnection: com.mchange.v2.c3p0.impl.NewPooledConnection@56bc9427
2019-11-25 16:51:55.658 [Resource Destroyer in BasicResourcePool.close()] DEBUG com.mchange.v2.c3p0.impl.C3P0PooledConnectionPool - Successfully destroyed PooledConnection: com.mchange.v2.c3p0.impl.NewPooledConnection@56bc9427
2019-11-25 16:51:55.658 [Resource Destroyer in BasicResourcePool.close()] DEBUG com.mchange.v2.resourcepool.BasicResourcePool - Successfully destroyed resource: com.mchange.v2.c3p0.impl.NewPooledConnection@56bc9427
2019-11-25 16:51:55.659 [Resource Destroyer in BasicResourcePool.close()] DEBUG com.mchange.v2.resourcepool.BasicResourcePool - Preparing to destroy resource: com.mchange.v2.c3p0.impl.NewPooledConnection@160a2c16
2019-11-25 16:51:55.661 [Resource Destroyer in BasicResourcePool.close()] DEBUG com.mchange.v2.c3p0.impl.C3P0PooledConnectionPool - Preparing to destroy PooledConnection: com.mchange.v2.c3p0.impl.NewPooledConnection@160a2c16
2019-11-25 16:51:55.662 [Resource Destroyer in BasicResourcePool.close()] DEBUG com.mchange.v2.c3p0.impl.C3P0PooledConnectionPool - Successfully destroyed PooledConnection: com.mchange.v2.c3p0.impl.NewPooledConnection@160a2c16
2019-11-25 16:51:55.662 [Resource Destroyer in BasicResourcePool.close()] DEBUG com.mchange.v2.resourcepool.BasicResourcePool - Successfully destroyed resource: com.mchange.v2.c3p0.impl.NewPooledConnection@160a2c16
2019-11-25 16:51:55.662 [Resource Destroyer in BasicResourcePool.close()] DEBUG com.mchange.v2.resourcepool.BasicResourcePool - Preparing to destroy resource: com.mchange.v2.c3p0.impl.NewPooledConnection@67c29705
2019-11-25 16:51:55.663 [Resource Destroyer in BasicResourcePool.close()] DEBUG com.mchange.v2.c3p0.impl.C3P0PooledConnectionPool - Preparing to destroy PooledConnection: com.mchange.v2.c3p0.impl.NewPooledConnection@67c29705
2019-11-25 16:51:55.667 [Resource Destroyer in BasicResourcePool.close()] DEBUG com.mchange.v2.c3p0.impl.C3P0PooledConnectionPool - Successfully destroyed PooledConnection: com.mchange.v2.c3p0.impl.NewPooledConnection@67c29705
2019-11-25 16:51:55.667 [Resource Destroyer in BasicResourcePool.close()] DEBUG com.mchange.v2.resourcepool.BasicResourcePool - Successfully destroyed resource: com.mchange.v2.c3p0.impl.NewPooledConnection@67c29705
2019-11-25 16:51:57.252 [restartedMain] INFO  com.wxinnb.maomao.MaomaoApplication - Starting MaomaoApplication on DESKTOP-18EH1AM with PID 49276 (D:\IdeaProjects\maomao\target\classes started by wx in D:\IdeaProjects\maomao)
2019-11-25 16:51:57.253 [restartedMain] DEBUG com.wxinnb.maomao.MaomaoApplication - Running with Spring Boot v2.1.9.RELEASE, Spring v5.1.10.RELEASE
2019-11-25 16:51:57.253 [restartedMain] INFO  com.wxinnb.maomao.MaomaoApplication - The following profiles are active: dev
2019-11-25 16:51:58.327 [restartedMain] DEBUG com.mchange.v2.c3p0.management.DynamicPooledDataSourceManagerMBean - MBean: com.mchange.v2.c3p0:type=PooledDataSource,identityToken=1hge51da618ving8aejoic|6b97740e,name=1hge51da618ving8aejoic|6b97740e registered.
2019-11-25 16:51:58.347 [restartedMain] DEBUG com.mchange.v2.c3p0.management.DynamicPooledDataSourceManagerMBean - MBean: com.mchange.v2.c3p0:type=PooledDataSource,identityToken=1hge51da618ving8aejoic|6b97740e,name=1hge51da618ving8aejoic|6b97740e unregistered, in order to be reregistered after update.
2019-11-25 16:51:58.347 [restartedMain] DEBUG com.mchange.v2.c3p0.management.DynamicPooledDataSourceManagerMBean - MBean: com.mchange.v2.c3p0:type=PooledDataSource,identityToken=1hge51da618ving8aejoic|6b97740e,name=1hge51da618ving8aejoic|6b97740e registered.
2019-11-25 16:51:58.541 [restartedMain] INFO  com.mchange.v2.c3p0.impl.AbstractPoolBackedDataSource - Initializing c3p0 pool... com.mchange.v2.c3p0.ComboPooledDataSource [ acquireIncrement -> 3, acquireRetryAttempts -> 30, acquireRetryDelay -> 1000, autoCommitOnClose -> false, automaticTestTable -> null, breakAfterAcquireFailure -> false, checkoutTimeout -> 0, connectionCustomizerClassName -> null, connectionTesterClassName -> com.mchange.v2.c3p0.impl.DefaultConnectionTester, contextClassLoaderSource -> caller, dataSourceName -> 1hge51da618ving8aejoic|6b97740e, debugUnreturnedConnectionStackTraces -> false, description -> null, driverClass -> null, extensions -> {}, factoryClassLocation -> null, forceIgnoreUnresolvedTransactions -> false, forceSynchronousCheckins -> false, forceUseNamedDriverClass -> false, identityToken -> 1hge51da618ving8aejoic|6b97740e, idleConnectionTestPeriod -> 0, initialPoolSize -> 3, jdbcUrl -> jdbc:mysql://47.97.210.197/maomao?useUnicode=true&characterEncoding=UTF8&useSSL=true&serverTimezone=GMT%2B8, maxAdministrativeTaskTime -> 0, maxConnectionAge -> 0, maxIdleTime -> 0, maxIdleTimeExcessConnections -> 0, maxPoolSize -> 15, maxStatements -> 0, maxStatementsPerConnection -> 0, minPoolSize -> 3, numHelperThreads -> 3, preferredTestQuery -> null, privilegeSpawnedThreads -> false, properties -> {user=******, password=******}, propertyCycle -> 0, statementCacheNumDeferredCloseThreads -> 0, testConnectionOnCheckin -> false, testConnectionOnCheckout -> false, unreturnedConnectionTimeout -> 0, userOverrides -> {}, usesTraditionalReflectiveProxies -> false ]
2019-11-25 16:51:58.544 [restartedMain] DEBUG com.mchange.v2.resourcepool.BasicResourcePool - com.mchange.v2.resourcepool.BasicResourcePool@59bf05d0 config: [start -> 3; min -> 3; max -> 15; inc -> 3; num_acq_attempts -> 30; acq_attempt_delay -> 1000; check_idle_resources_delay -> 0; max_resource_age -> 0; max_idle_time -> 0; excess_max_idle_time -> 0; destroy_unreturned_resc_time -> 0; expiration_enforcement_delay -> 0; break_on_acquisition_failure -> false; debug_store_checkout_exceptions -> false; force_synchronous_checkins -> false]
2019-11-25 16:51:58.544 [restartedMain] DEBUG com.mchange.v2.c3p0.impl.C3P0PooledConnectionPoolManager - Created new pool for auth, username (masked): 'ro******'.
2019-11-25 16:51:58.551 [restartedMain] DEBUG com.mchange.v2.resourcepool.BasicResourcePool - acquire test -- pool size: 0; target_pool_size: 3; desired target? 1
2019-11-25 16:51:58.551 [restartedMain] DEBUG com.mchange.v2.resourcepool.BasicResourcePool - awaitAvailable(): [unknown]
2019-11-25 16:55:18.125 [main] INFO  com.wxinnb.maomao.MaomaoApplicationTests - Starting MaomaoApplicationTests on DESKTOP-18EH1AM with PID 39828 (started by wx in D:\IdeaProjects\maomao)
2019-11-25 16:55:18.141 [main] DEBUG com.wxinnb.maomao.MaomaoApplicationTests - Running with Spring Boot v2.1.9.RELEASE, Spring v5.1.10.RELEASE
2019-11-25 16:55:18.142 [main] INFO  com.wxinnb.maomao.MaomaoApplicationTests - The following profiles are active: dev
2019-11-25 16:55:22.083 [MLog-Init-Reporter] INFO  com.mchange.v2.log.MLog - MLog clients using slf4j logging.
2019-11-25 16:55:22.125 [MLog-Init-Reporter] DEBUG com.mchange.v2.log.MLog - Reading VM config for path list /com/mchange/v2/log/default-mchange-log.properties, /mchange-commons.properties, /c3p0.properties, hocon:/reference,/application,/c3p0,/, /mchange-log.properties, /
2019-11-25 16:55:22.125 [MLog-Init-Reporter] DEBUG com.mchange.v2.log.MLog - The configuration file for resource identifier '/mchange-commons.properties' could not be found. Skipping.
2019-11-25 16:55:22.125 [MLog-Init-Reporter] DEBUG com.mchange.v2.log.MLog - The configuration file for resource identifier '/c3p0.properties' could not be found. Skipping.
2019-11-25 16:55:22.125 [MLog-Init-Reporter] DEBUG com.mchange.v2.log.MLog - The configuration file for resource identifier 'hocon:/reference,/application,/c3p0,/' could not be found. Skipping.
2019-11-25 16:55:22.126 [MLog-Init-Reporter] DEBUG com.mchange.v2.log.MLog - The configuration file for resource identifier '/mchange-log.properties' could not be found. Skipping.
2019-11-25 16:55:22.136 [main] DEBUG com.mchange.v2.cfg.MConfig - The configuration file for resource identifier '/mchange-commons.properties' could not be found. Skipping.
2019-11-25 16:55:22.136 [main] DEBUG com.mchange.v2.cfg.MConfig - The configuration file for resource identifier '/mchange-log.properties' could not be found. Skipping.
2019-11-25 16:55:22.136 [main] DEBUG com.mchange.v2.cfg.MConfig - The configuration file for resource identifier 'hocon:/reference,/application,/c3p0,/' could not be found. Skipping.
2019-11-25 16:55:22.136 [main] DEBUG com.mchange.v2.cfg.MConfig - The configuration file for resource identifier '/c3p0.properties' could not be found. Skipping.
2019-11-25 16:55:23.005 [main] INFO  com.mchange.v2.c3p0.C3P0Registry - Initializing c3p0-0.9.5.2 [built 08-December-2015 22:06:04 -0800; debug? true; trace: 10]
2019-11-25 16:55:23.113 [main] DEBUG com.mchange.v2.c3p0.management.DynamicPooledDataSourceManagerMBean - MBean: com.mchange.v2.c3p0:type=PooledDataSource,identityToken=1hge51da618vweob6656li|26d96e5,name=1hge51da618vweob6656li|26d96e5 registered.
2019-11-25 16:55:23.152 [main] DEBUG com.mchange.v2.c3p0.management.DynamicPooledDataSourceManagerMBean - MBean: com.mchange.v2.c3p0:type=PooledDataSource,identityToken=1hge51da618vweob6656li|26d96e5,name=1hge51da618vweob6656li|26d96e5 unregistered, in order to be reregistered after update.
2019-11-25 16:55:23.159 [main] DEBUG com.mchange.v2.c3p0.management.DynamicPooledDataSourceManagerMBean - MBean: com.mchange.v2.c3p0:type=PooledDataSource,identityToken=1hge51da618vweob6656li|26d96e5,name=1hge51da618vweob6656li|26d96e5 registered.
2019-11-25 16:55:23.854 [main] INFO  com.mchange.v2.c3p0.impl.AbstractPoolBackedDataSource - Initializing c3p0 pool... com.mchange.v2.c3p0.ComboPooledDataSource [ acquireIncrement -> 3, acquireRetryAttempts -> 30, acquireRetryDelay -> 1000, autoCommitOnClose -> false, automaticTestTable -> null, breakAfterAcquireFailure -> false, checkoutTimeout -> 0, connectionCustomizerClassName -> null, connectionTesterClassName -> com.mchange.v2.c3p0.impl.DefaultConnectionTester, contextClassLoaderSource -> caller, dataSourceName -> 1hge51da618vweob6656li|26d96e5, debugUnreturnedConnectionStackTraces -> false, description -> null, driverClass -> null, extensions -> {}, factoryClassLocation -> null, forceIgnoreUnresolvedTransactions -> false, forceSynchronousCheckins -> false, forceUseNamedDriverClass -> false, identityToken -> 1hge51da618vweob6656li|26d96e5, idleConnectionTestPeriod -> 0, initialPoolSize -> 3, jdbcUrl -> jdbc:mysql://47.97.210.197/maomao?useUnicode=true&characterEncoding=UTF8&useSSL=true&serverTimezone=GMT%2B8, maxAdministrativeTaskTime -> 0, maxConnectionAge -> 0, maxIdleTime -> 0, maxIdleTimeExcessConnections -> 0, maxPoolSize -> 15, maxStatements -> 0, maxStatementsPerConnection -> 0, minPoolSize -> 3, numHelperThreads -> 3, preferredTestQuery -> null, privilegeSpawnedThreads -> false, properties -> {user=******, password=******}, propertyCycle -> 0, statementCacheNumDeferredCloseThreads -> 0, testConnectionOnCheckin -> false, testConnectionOnCheckout -> false, unreturnedConnectionTimeout -> 0, userOverrides -> {}, usesTraditionalReflectiveProxies -> false ]
2019-11-25 16:55:23.937 [main] DEBUG com.mchange.v2.cfg.MConfig - The configuration file for resource identifier '/mchange-commons.properties' could not be found. Skipping.
2019-11-25 16:55:23.939 [main] DEBUG com.mchange.v2.cfg.MConfig - The configuration file for resource identifier '/mchange-log.properties' could not be found. Skipping.
2019-11-25 16:55:23.939 [main] DEBUG com.mchange.v2.cfg.MConfig - The configuration file for resource identifier '/c3p0.properties' could not be found. Skipping.
2019-11-25 16:55:23.940 [main] DEBUG com.mchange.v2.cfg.MConfig - The configuration file for resource identifier 'hocon:/reference,/application,/c3p0,/' could not be found. Skipping.
2019-11-25 16:55:23.943 [main] DEBUG com.mchange.v2.resourcepool.BasicResourcePool - com.mchange.v2.resourcepool.BasicResourcePool@6a937336 config: [start -> 3; min -> 3; max -> 15; inc -> 3; num_acq_attempts -> 30; acq_attempt_delay -> 1000; check_idle_resources_delay -> 0; max_resource_age -> 0; max_idle_time -> 0; excess_max_idle_time -> 0; destroy_unreturned_resc_time -> 0; expiration_enforcement_delay -> 0; break_on_acquisition_failure -> false; debug_store_checkout_exceptions -> false; force_synchronous_checkins -> false]
2019-11-25 16:55:23.944 [main] DEBUG com.mchange.v2.c3p0.impl.C3P0PooledConnectionPoolManager - Created new pool for auth, username (masked): 'ro******'.
2019-11-25 16:55:23.945 [main] DEBUG com.mchange.v2.resourcepool.BasicResourcePool - acquire test -- pool size: 0; target_pool_size: 3; desired target? 1
2019-11-25 16:55:23.946 [main] DEBUG com.mchange.v2.resourcepool.BasicResourcePool - awaitAvailable(): [unknown]
2019-11-25 16:55:30.179 [main] DEBUG org.hibernate.SQL - select resource0_.id as id1_3_, resource0_.create_time as create_t2_3_, resource0_.description as descript3_3_, resource0_.icon as icon4_3_, resource0_.is_hide as is_hide5_3_, resource0_.level as level6_3_, resource0_.name as name7_3_, resource0_.parent_id as parent_13_3_, resource0_.sort as sort8_3_, resource0_.source_key as source_k9_3_, resource0_.source_url as source_10_3_, resource0_.type as type11_3_, resource0_.update_time as update_12_3_ from tb_resource resource0_
2019-11-25 16:55:35.591 [main] INFO  com.wxinnb.maomao.MaomaoApplicationTests - Started MaomaoApplicationTests in 18.37 seconds (JVM running for 20.471)
2019-11-25 16:55:35.986 [Thread-7] DEBUG com.mchange.v2.c3p0.management.ActiveManagementCoordinator - MBean: com.mchange.v2.c3p0:type=PooledDataSource,identityToken=1hge51da618vweob6656li|26d96e5,name=1hge51da618vweob6656li|26d96e5 unregistered.
2019-11-25 16:55:35.986 [Resource Destroyer in BasicResourcePool.close()] DEBUG com.mchange.v2.resourcepool.BasicResourcePool - Preparing to destroy resource: com.mchange.v2.c3p0.impl.NewPooledConnection@d135df2
2019-11-25 16:55:35.987 [Thread-7] DEBUG com.mchange.v2.c3p0.management.ActiveManagementCoordinator - C3P0Registry mbean unregistered.
2019-11-25 16:55:35.990 [Resource Destroyer in BasicResourcePool.close()] DEBUG com.mchange.v2.c3p0.impl.C3P0PooledConnectionPool - Preparing to destroy PooledConnection: com.mchange.v2.c3p0.impl.NewPooledConnection@d135df2
2019-11-25 16:55:35.992 [Resource Destroyer in BasicResourcePool.close()] DEBUG com.mchange.v2.c3p0.impl.C3P0PooledConnectionPool - Successfully destroyed PooledConnection: com.mchange.v2.c3p0.impl.NewPooledConnection@d135df2
2019-11-25 16:55:35.993 [Resource Destroyer in BasicResourcePool.close()] DEBUG com.mchange.v2.resourcepool.BasicResourcePool - Successfully destroyed resource: com.mchange.v2.c3p0.impl.NewPooledConnection@d135df2
2019-11-25 16:55:35.993 [Resource Destroyer in BasicResourcePool.close()] DEBUG com.mchange.v2.resourcepool.BasicResourcePool - Preparing to destroy resource: com.mchange.v2.c3p0.impl.NewPooledConnection@423c02bf
2019-11-25 16:55:35.993 [Resource Destroyer in BasicResourcePool.close()] DEBUG com.mchange.v2.c3p0.impl.C3P0PooledConnectionPool - Preparing to destroy PooledConnection: com.mchange.v2.c3p0.impl.NewPooledConnection@423c02bf
2019-11-25 17:33:20.574 [main] INFO  com.wxinnb.maomao.MaomaoApplicationTests - Starting MaomaoApplicationTests on DESKTOP-18EH1AM with PID 52080 (started by wx in D:\IdeaProjects\maomao)
2019-11-25 17:33:20.579 [main] DEBUG com.wxinnb.maomao.MaomaoApplicationTests - Running with Spring Boot v2.1.9.RELEASE, Spring v5.1.10.RELEASE
2019-11-25 17:33:20.579 [main] INFO  com.wxinnb.maomao.MaomaoApplicationTests - The following profiles are active: dev
2019-11-25 17:33:24.755 [main] DEBUG com.mchange.v2.cfg.MConfig - The configuration file for resource identifier '/mchange-commons.properties' could not be found. Skipping.
2019-11-25 17:33:24.755 [main] DEBUG com.mchange.v2.cfg.MConfig - The configuration file for resource identifier '/mchange-log.properties' could not be found. Skipping.
2019-11-25 17:33:24.755 [main] DEBUG com.mchange.v2.cfg.MConfig - The configuration file for resource identifier 'hocon:/reference,/application,/c3p0,/' could not be found. Skipping.
2019-11-25 17:33:24.755 [main] DEBUG com.mchange.v2.cfg.MConfig - The configuration file for resource identifier '/c3p0.properties' could not be found. Skipping.
2019-11-25 17:33:24.768 [MLog-Init-Reporter] INFO  com.mchange.v2.log.MLog - MLog clients using slf4j logging.
2019-11-25 17:33:24.772 [MLog-Init-Reporter] DEBUG com.mchange.v2.log.MLog - Reading VM config for path list /com/mchange/v2/log/default-mchange-log.properties, /mchange-commons.properties, /c3p0.properties, hocon:/reference,/application,/c3p0,/, /mchange-log.properties, /
2019-11-25 17:33:24.773 [MLog-Init-Reporter] DEBUG com.mchange.v2.log.MLog - The configuration file for resource identifier '/mchange-commons.properties' could not be found. Skipping.
2019-11-25 17:33:24.773 [MLog-Init-Reporter] DEBUG com.mchange.v2.log.MLog - The configuration file for resource identifier '/c3p0.properties' could not be found. Skipping.
2019-11-25 17:33:24.773 [MLog-Init-Reporter] DEBUG com.mchange.v2.log.MLog - The configuration file for resource identifier 'hocon:/reference,/application,/c3p0,/' could not be found. Skipping.
2019-11-25 17:33:24.773 [MLog-Init-Reporter] DEBUG com.mchange.v2.log.MLog - The configuration file for resource identifier '/mchange-log.properties' could not be found. Skipping.
2019-11-25 17:33:25.750 [main] INFO  com.mchange.v2.c3p0.C3P0Registry - Initializing c3p0-0.9.5.2 [built 08-December-2015 22:06:04 -0800; debug? true; trace: 10]
2019-11-25 17:33:25.910 [main] DEBUG com.mchange.v2.c3p0.management.DynamicPooledDataSourceManagerMBean - MBean: com.mchange.v2.c3p0:type=PooledDataSource,identityToken=1hge51da618x9bzd3f6rzr|285f38f6,name=1hge51da618x9bzd3f6rzr|285f38f6 registered.
2019-11-25 17:33:25.986 [main] DEBUG com.mchange.v2.c3p0.management.DynamicPooledDataSourceManagerMBean - MBean: com.mchange.v2.c3p0:type=PooledDataSource,identityToken=1hge51da618x9bzd3f6rzr|285f38f6,name=1hge51da618x9bzd3f6rzr|285f38f6 unregistered, in order to be reregistered after update.
2019-11-25 17:33:25.994 [main] DEBUG com.mchange.v2.c3p0.management.DynamicPooledDataSourceManagerMBean - MBean: com.mchange.v2.c3p0:type=PooledDataSource,identityToken=1hge51da618x9bzd3f6rzr|285f38f6,name=1hge51da618x9bzd3f6rzr|285f38f6 registered.
2019-11-25 17:33:26.616 [main] INFO  com.mchange.v2.c3p0.impl.AbstractPoolBackedDataSource - Initializing c3p0 pool... com.mchange.v2.c3p0.ComboPooledDataSource [ acquireIncrement -> 3, acquireRetryAttempts -> 30, acquireRetryDelay -> 1000, autoCommitOnClose -> false, automaticTestTable -> null, breakAfterAcquireFailure -> false, checkoutTimeout -> 0, connectionCustomizerClassName -> null, connectionTesterClassName -> com.mchange.v2.c3p0.impl.DefaultConnectionTester, contextClassLoaderSource -> caller, dataSourceName -> 1hge51da618x9bzd3f6rzr|285f38f6, debugUnreturnedConnectionStackTraces -> false, description -> null, driverClass -> null, extensions -> {}, factoryClassLocation -> null, forceIgnoreUnresolvedTransactions -> false, forceSynchronousCheckins -> false, forceUseNamedDriverClass -> false, identityToken -> 1hge51da618x9bzd3f6rzr|285f38f6, idleConnectionTestPeriod -> 0, initialPoolSize -> 3, jdbcUrl -> jdbc:mysql://47.97.210.197/maomao?useUnicode=true&characterEncoding=UTF8&useSSL=true&serverTimezone=GMT%2B8, maxAdministrativeTaskTime -> 0, maxConnectionAge -> 0, maxIdleTime -> 0, maxIdleTimeExcessConnections -> 0, maxPoolSize -> 15, maxStatements -> 0, maxStatementsPerConnection -> 0, minPoolSize -> 3, numHelperThreads -> 3, preferredTestQuery -> null, privilegeSpawnedThreads -> false, properties -> {user=******, password=******}, propertyCycle -> 0, statementCacheNumDeferredCloseThreads -> 0, testConnectionOnCheckin -> false, testConnectionOnCheckout -> false, unreturnedConnectionTimeout -> 0, userOverrides -> {}, usesTraditionalReflectiveProxies -> false ]
2019-11-25 17:33:26.772 [main] DEBUG com.mchange.v2.cfg.MConfig - The configuration file for resource identifier '/mchange-commons.properties' could not be found. Skipping.
2019-11-25 17:33:26.776 [main] DEBUG com.mchange.v2.cfg.MConfig - The configuration file for resource identifier '/mchange-log.properties' could not be found. Skipping.
2019-11-25 17:33:26.778 [main] DEBUG com.mchange.v2.cfg.MConfig - The configuration file for resource identifier '/c3p0.properties' could not be found. Skipping.
2019-11-25 17:33:26.781 [main] DEBUG com.mchange.v2.cfg.MConfig - The configuration file for resource identifier 'hocon:/reference,/application,/c3p0,/' could not be found. Skipping.
2019-11-25 17:33:26.786 [main] DEBUG com.mchange.v2.resourcepool.BasicResourcePool - com.mchange.v2.resourcepool.BasicResourcePool@26b95b0b config: [start -> 3; min -> 3; max -> 15; inc -> 3; num_acq_attempts -> 30; acq_attempt_delay -> 1000; check_idle_resources_delay -> 0; max_resource_age -> 0; max_idle_time -> 0; excess_max_idle_time -> 0; destroy_unreturned_resc_time -> 0; expiration_enforcement_delay -> 0; break_on_acquisition_failure -> false; debug_store_checkout_exceptions -> false; force_synchronous_checkins -> false]
2019-11-25 17:33:26.787 [main] DEBUG com.mchange.v2.c3p0.impl.C3P0PooledConnectionPoolManager - Created new pool for auth, username (masked): 'ro******'.
2019-11-25 17:33:26.787 [main] DEBUG com.mchange.v2.resourcepool.BasicResourcePool - acquire test -- pool size: 0; target_pool_size: 3; desired target? 1
2019-11-25 17:33:26.788 [main] DEBUG com.mchange.v2.resourcepool.BasicResourcePool - awaitAvailable(): [unknown]
2019-11-25 17:33:33.480 [main] DEBUG org.hibernate.SQL - select resource0_.id as id1_3_, resource0_.create_time as create_t2_3_, resource0_.description as descript3_3_, resource0_.icon as icon4_3_, resource0_.is_hide as is_hide5_3_, resource0_.level as level6_3_, resource0_.name as name7_3_, resource0_.parent_id as parent_13_3_, resource0_.sort as sort8_3_, resource0_.source_key as source_k9_3_, resource0_.source_url as source_10_3_, resource0_.type as type11_3_, resource0_.update_time as update_12_3_ from tb_resource resource0_
2019-11-25 17:33:39.298 [main] INFO  com.wxinnb.maomao.MaomaoApplicationTests - Started MaomaoApplicationTests in 19.637 seconds (JVM running for 21.635)
2019-11-25 17:33:39.606 [Thread-7] DEBUG com.mchange.v2.c3p0.management.ActiveManagementCoordinator - MBean: com.mchange.v2.c3p0:type=PooledDataSource,identityToken=1hge51da618x9bzd3f6rzr|285f38f6,name=1hge51da618x9bzd3f6rzr|285f38f6 unregistered.
2019-11-25 17:33:39.607 [Thread-7] DEBUG com.mchange.v2.c3p0.management.ActiveManagementCoordinator - C3P0Registry mbean unregistered.
2019-11-25 17:33:39.607 [Resource Destroyer in BasicResourcePool.close()] DEBUG com.mchange.v2.resourcepool.BasicResourcePool - Preparing to destroy resource: com.mchange.v2.c3p0.impl.NewPooledConnection@606eb42e
2019-11-25 17:33:39.612 [Resource Destroyer in BasicResourcePool.close()] DEBUG com.mchange.v2.c3p0.impl.C3P0PooledConnectionPool - Preparing to destroy PooledConnection: com.mchange.v2.c3p0.impl.NewPooledConnection@606eb42e
